<?xml version="1.0"?><coverage lines-covered="1908" lines-valid="2012" line-rate="0.94831013916501" branches-covered="0" branches-valid="0" branch-rate="0" complexity="0" version="1.9" timestamp="1723681624"><sources><source>/Users/craigoconnor/Documents/Projects/OpenS2/open-vector-tile</source></sources><packages><package name="tests/mapbox" line-rate="0" branch-rate="0" complexity="0"><classes></classes></package><package name="rust/base" line-rate="0.9916666666666667" branch-rate="0" complexity="0"><classes><class name="vector_feature" filename="rust/base/vector_feature.rs" line-rate="0.9906542056074766" branch-rate="0" complexity="0"><methods/><lines><line number="49" hits="9"/><line number="65" hits="13"/><line number="66" hits="13"/><line number="70" hits="17"/><line number="71" hits="17"/><line number="75" hits="2"/><line number="76" hits="2"/><line number="80" hits="2"/><line number="81" hits="2"/><line number="85" hits="21"/><line number="86" hits="63"/><line number="89" hits="2"/><line number="90" hits="2"/><line number="93" hits="14"/><line number="94" hits="14"/><line number="95" hits="2"/><line number="98" hits="12"/><line number="99" hits="12"/><line number="100" hits="33"/><line number="102" hits="21"/><line number="104" hits="12"/><line number="108" hits="7"/><line number="109" hits="7"/><line number="110" hits="7"/><line number="111" hits="4"/><line number="112" hits="4"/><line number="114" hits="3"/><line number="115" hits="3"/><line number="117" hits="3"/><line number="118" hits="21"/><line number="119" hits="6"/><line number="122" hits="3"/><line number="140" hits="4"/><line number="156" hits="10"/><line number="157" hits="10"/><line number="161" hits="10"/><line number="162" hits="10"/><line number="166" hits="2"/><line number="167" hits="2"/><line number="171" hits="2"/><line number="172" hits="2"/><line number="176" hits="17"/><line number="177" hits="51"/><line number="180" hits="2"/><line number="181" hits="2"/><line number="184" hits="10"/><line number="185" hits="10"/><line number="186" hits="2"/><line number="189" hits="8"/><line number="190" hits="8"/><line number="191" hits="30"/><line number="192" hits="8"/><line number="196" hits="7"/><line number="197" hits="7"/><line number="198" hits="7"/><line number="199" hits="4"/><line number="200" hits="4"/><line number="201" hits="4"/><line number="202" hits="4"/><line number="203" hits="4"/><line number="204" hits="4"/><line number="206" hits="3"/><line number="207" hits="3"/><line number="209" hits="3"/><line number="210" hits="21"/><line number="211" hits="6"/><line number="214" hits="3"/><line number="235" hits="5"/><line number="251" hits="10"/><line number="252" hits="10"/><line number="256" hits="12"/><line number="257" hits="12"/><line number="261" hits="2"/><line number="262" hits="2"/><line number="266" hits="6"/><line number="267" hits="20"/><line number="271" hits="23"/><line number="272" hits="69"/><line number="275" hits="2"/><line number="276" hits="2"/><line number="279" hits="8"/><line number="280" hits="8"/><line number="281" hits="2"/><line number="284" hits="6"/><line number="285" hits="6"/><line number="286" hits="22"/><line number="287" hits="6"/><line number="291" hits="6"/><line number="292" hits="6"/><line number="293" hits="6"/><line number="294" hits="6"/><line number="295" hits="3"/><line number="297" hits="24"/><line number="298" hits="4"/><line number="299" hits="4"/><line number="304" hits="13"/><line number="305" hits="36"/><line number="306" hits="10"/><line number="308" hits="2"/><line number="309" hits="3"/><line number="310" hits="2"/><line number="315" hits="6"/><line number="333" hits="3"/><line number="349" hits="8"/><line number="350" hits="8"/><line number="354" hits="8"/><line number="355" hits="8"/><line number="359" hits="2"/><line number="360" hits="2"/><line number="364" hits="6"/><line number="365" hits="20"/><line number="369" hits="21"/><line number="370" hits="63"/><line number="373" hits="2"/><line number="374" hits="2"/><line number="377" hits="6"/><line number="378" hits="6"/><line number="379" hits="2"/><line number="382" hits="4"/><line number="383" hits="4"/><line number="384" hits="15"/><line number="385" hits="4"/><line number="389" hits="6"/><line number="390" hits="6"/><line number="391" hits="6"/><line number="392" hits="6"/><line number="393" hits="3"/><line number="395" hits="24"/><line number="396" hits="4"/><line number="397" hits="4"/><line number="402" hits="13"/><line number="403" hits="36"/><line number="404" hits="10"/><line number="406" hits="2"/><line number="407" hits="3"/><line number="408" hits="2"/><line number="413" hits="6"/><line number="437" hits="7"/><line number="457" hits="10"/><line number="458" hits="10"/><line number="462" hits="14"/><line number="463" hits="14"/><line number="467" hits="2"/><line number="468" hits="2"/><line number="472" hits="6"/><line number="473" hits="6"/><line number="475" hits="34"/><line number="479" hits="32"/><line number="480" hits="32"/><line number="482" hits="174"/><line number="485" hits="4"/><line number="486" hits="15"/><line number="489" hits="10"/><line number="490" hits="10"/><line number="491" hits="4"/><line number="494" hits="6"/><line number="495" hits="6"/><line number="496" hits="48"/><line number="497" hits="6"/><line number="501" hits="6"/><line number="502" hits="6"/><line number="503" hits="6"/><line number="504" hits="6"/><line number="505" hits="3"/><line number="507" hits="24"/><line number="509" hits="41"/><line number="510" hits="9"/><line number="511" hits="9"/><line number="516" hits="19"/><line number="517" hits="76"/><line number="518" hits="23"/><line number="520" hits="10"/><line number="521" hits="18"/><line number="522" hits="13"/><line number="528" hits="6"/><line number="550" hits="3"/><line number="570" hits="8"/><line number="571" hits="8"/><line number="575" hits="8"/><line number="576" hits="8"/><line number="580" hits="2"/><line number="581" hits="2"/><line number="585" hits="6"/><line number="586" hits="6"/><line number="588" hits="34"/><line number="592" hits="28"/><line number="593" hits="28"/><line number="595" hits="148"/><line number="598" hits="2"/><line number="599" hits="7"/><line number="602" hits="6"/><line number="603" hits="6"/><line number="604" hits="2"/><line number="607" hits="4"/><line number="608" hits="4"/><line number="609" hits="34"/><line number="610" hits="4"/><line number="614" hits="6"/><line number="615" hits="6"/><line number="616" hits="6"/><line number="617" hits="6"/><line number="618" hits="3"/><line number="620" hits="24"/><line number="622" hits="41"/><line number="623" hits="9"/><line number="624" hits="9"/><line number="629" hits="19"/><line number="630" hits="76"/><line number="631" hits="23"/><line number="633" hits="10"/><line number="634" hits="18"/><line number="635" hits="13"/><line number="641" hits="6"/><line number="655" hits="4"/><line number="656" hits="4"/><line number="657" hits="2"/><line number="658" hits="2"/><line number="663" hits="8"/><line number="664" hits="8"/><line number="665" hits="4"/><line number="666" hits="4"/><line number="689" hits="26"/><line number="690" hits="26"/><line number="691" hits="5"/><line number="692" hits="4"/><line number="693" hits="4"/><line number="694" hits="5"/><line number="695" hits="4"/><line number="696" hits="4"/><line number="701" hits="57"/><line number="702" hits="57"/><line number="703" hits="15"/><line number="704" hits="10"/><line number="705" hits="12"/><line number="706" hits="8"/><line number="707" hits="6"/><line number="708" hits="6"/><line number="713" hits="26"/><line number="714" hits="26"/><line number="715" hits="5"/><line number="716" hits="4"/><line number="717" hits="4"/><line number="718" hits="5"/><line number="719" hits="4"/><line number="720" hits="4"/><line number="725" hits="36"/><line number="726" hits="36"/><line number="727" hits="9"/><line number="728" hits="6"/><line number="729" hits="8"/><line number="730" hits="5"/><line number="731" hits="4"/><line number="732" hits="4"/><line number="737" hits="47"/><line number="738" hits="47"/><line number="739" hits="11"/><line number="740" hits="8"/><line number="741" hits="8"/><line number="742" hits="8"/><line number="743" hits="6"/><line number="744" hits="6"/><line number="749" hits="33"/><line number="750" hits="33"/><line number="751" hits="8"/><line number="752" hits="6"/><line number="753" hits="6"/><line number="754" hits="5"/><line number="755" hits="4"/><line number="756" hits="4"/><line number="761" hits="35"/><line number="762" hits="35"/><line number="763" hits="7"/><line number="764" hits="5"/><line number="765" hits="23"/><line number="770" hits="33"/><line number="771" hits="33"/><line number="772" hits="6"/><line number="773" hits="6"/><line number="775" hits="4"/><line number="776" hits="4"/><line number="778" hits="23"/><line number="783" hits="26"/><line number="784" hits="26"/><line number="785" hits="5"/><line number="786" hits="4"/><line number="787" hits="4"/><line number="788" hits="5"/><line number="789" hits="4"/><line number="790" hits="4"/><line number="795" hits="26"/><line number="796" hits="26"/><line number="797" hits="4"/><line number="798" hits="4"/><line number="799" hits="4"/><line number="800" hits="4"/><line number="801" hits="10"/><line number="806" hits="26"/><line number="807" hits="26"/><line number="808" hits="5"/><line number="809" hits="4"/><line number="810" hits="4"/><line number="811" hits="5"/><line number="812" hits="4"/><line number="813" hits="4"/><line number="818" hits="2"/><line number="819" hits="2"/><line number="820" hits="2"/><line number="821" hits="2"/><line number="822" hits="2"/><line number="823" hits="2"/><line number="825" hits="2"/><line number="827" hits="4"/><line number="830" hits="2"/><line number="832" hits="0"/><line number="835" hits="0"/><line number="838" hits="2"/><line number="840" hits="0"/><line number="846" hits="29"/><line number="847" hits="29"/><line number="851" hits="13"/><line number="852" hits="13"/></lines></class><class name="vector_layer" filename="rust/base/vector_layer.rs" line-rate="1" branch-rate="0" complexity="0"><methods/><lines><line number="31" hits="11"/><line number="42" hits="11"/><line number="43" hits="11"/><line number="44" hits="11"/><line number="51" hits="24"/><line number="52" hits="48"/><line number="53" hits="24"/><line number="54" hits="24"/><line number="56" hits="24"/><line number="57" hits="46"/><line number="60" hits="11"/><line number="61" hits="11"/><line number="66" hits="24"/><line number="70" hits="3"/><line number="71" hits="3"/><line number="75" hits="5"/><line number="76" hits="5"/><line number="80" hits="2"/><line number="81" hits="2"/><line number="85" hits="2"/><line number="88" hits="2"/><line number="89" hits="2"/><line number="92" hits="2"/><line number="94" hits="2"/><line number="97" hits="6"/><line number="98" hits="2"/><line number="101" hits="2"/></lines></class><class name="vector_tile" filename="rust/base/vector_tile.rs" line-rate="1" branch-rate="0" complexity="0"><methods/><lines><line number="18" hits="10"/><line number="19" hits="10"/><line number="24" hits="1"/><line number="26" hits="1"/><line number="28" hits="2"/><line number="29" hits="2"/><line number="33" hits="1"/><line number="38" hits="1"/><line number="40" hits="1"/><line number="42" hits="3"/><line number="43" hits="1"/><line number="45" hits="1"/></lines></class></classes></package><package name="rust" line-rate="0.94831013916501" branch-rate="0" complexity="0"><classes><class name="geometry" filename="rust/geometry.rs" line-rate="1" branch-rate="0" complexity="0"><methods/><lines><line number="21" hits="1"/><line number="52" hits="1"/><line number="74" hits="4"/><line number="75" hits="4"/><line number="79" hits="12"/><line number="80" hits="12"/><line number="81" hits="2"/><line number="82" hits="2"/><line number="84" hits="4"/><line number="85" hits="4"/><line number="103" hits="298"/><line number="108" hits="102"/><line number="109" hits="102"/><line number="113" hits="4"/><line number="115" hits="4"/><line number="120" hits="108"/><line number="122" hits="108"/><line number="140" hits="112"/><line number="145" hits="92"/><line number="150" hits="92"/><line number="155" hits="4"/><line number="157" hits="4"/><line number="162" hits="108"/><line number="164" hits="108"/><line number="165" hits="108"/><line number="166" hits="108"/><line number="167" hits="108"/><line number="180" hits="15"/><line number="183" hits="15"/><line number="189" hits="71"/><line number="194" hits="43"/><line number="195" hits="43"/><line number="199" hits="116"/><line number="200" hits="426"/><line number="204" hits="51"/><line number="205" hits="51"/><line number="206" hits="20"/><line number="209" hits="31"/><line number="210" hits="31"/><line number="211" hits="145"/><line number="212" hits="31"/><line number="229" hits="46"/><line number="234" hits="43"/><line number="235" hits="43"/><line number="239" hits="101"/><line number="240" hits="360"/><line number="244" hits="44"/><line number="245" hits="44"/><line number="246" hits="18"/><line number="249" hits="26"/><line number="250" hits="26"/><line number="251" hits="118"/><line number="252" hits="26"/></lines></class><class name="util" filename="rust/util.rs" line-rate="0.9588477366255144" branch-rate="0" complexity="0"><methods/><lines><line number="13" hits="0"/><line number="14" hits="0"/><line number="18" hits="0"/><line number="19" hits="0"/><line number="23" hits="90"/><line number="24" hits="180"/><line number="25" hits="0"/><line number="27" hits="90"/><line number="32" hits="77"/><line number="33" hits="154"/><line number="34" hits="0"/><line number="36" hits="77"/><line number="44" hits="167"/><line number="45" hits="167"/><line number="49" hits="0"/><line number="50" hits="0"/><line number="55" hits="0"/><line number="56" hits="0"/><line number="60" hits="167"/><line number="61" hits="167"/><line number="66" hits="29"/><line number="67" hits="29"/><line number="80" hits="6"/><line number="82" hits="6"/><line number="83" hits="6"/><line number="88" hits="337"/><line number="89" hits="337"/><line number="93" hits="263"/><line number="94" hits="263"/><line number="99" hits="38"/><line number="100" hits="38"/><line number="101" hits="38"/><line number="102" hits="38"/><line number="103" hits="1862"/><line number="104" hits="608"/><line number="105" hits="608"/><line number="107" hits="608"/><line number="108" hits="608"/><line number="111" hits="38"/><line number="115" hits="35"/><line number="116" hits="35"/><line number="117" hits="35"/><line number="118" hits="35"/><line number="119" hits="1155"/><line number="121" hits="32"/><line number="122" hits="32"/><line number="124" hits="31"/><line number="125" hits="31"/><line number="127" hits="560"/><line number="130" hits="35"/><line number="135" hits="42"/><line number="137" hits="42"/><line number="138" hits="42"/><line number="139" hits="42"/><line number="140" hits="42"/><line number="142" hits="1386"/><line number="143" hits="32"/><line number="144" hits="32"/><line number="145" hits="672"/><line number="146" hits="31"/><line number="147" hits="31"/><line number="148" hits="672"/><line number="149" hits="29"/><line number="150" hits="29"/><line number="151" hits="672"/><line number="153" hits="672"/><line number="154" hits="672"/><line number="155" hits="672"/><line number="158" hits="42"/><line number="163" hits="39"/><line number="164" hits="39"/><line number="165" hits="39"/><line number="166" hits="39"/><line number="167" hits="39"/><line number="169" hits="1287"/><line number="171" hits="32"/><line number="172" hits="32"/><line number="174" hits="31"/><line number="175" hits="31"/><line number="177" hits="29"/><line number="178" hits="29"/><line number="180" hits="624"/><line number="183" hits="39"/><line number="187" hits="8"/><line number="188" hits="8"/><line number="189" hits="8"/><line number="190" hits="8"/><line number="192" hits="60"/><line number="193" hits="26"/><line number="194" hits="26"/><line number="195" hits="26"/><line number="196" hits="26"/><line number="197" hits="26"/><line number="200" hits="8"/><line number="204" hits="8"/><line number="205" hits="8"/><line number="206" hits="8"/><line number="207" hits="8"/><line number="209" hits="86"/><line number="210" hits="26"/><line number="211" hits="26"/><line number="212" hits="26"/><line number="213" hits="26"/><line number="214" hits="26"/><line number="215" hits="26"/><line number="218" hits="8"/><line number="222" hits="8"/><line number="223" hits="8"/><line number="224" hits="8"/><line number="225" hits="8"/><line number="226" hits="8"/><line number="228" hits="60"/><line number="229" hits="26"/><line number="230" hits="26"/><line number="231" hits="26"/><line number="232" hits="26"/><line number="233" hits="26"/><line number="234" hits="26"/><line number="235" hits="26"/><line number="238" hits="8"/><line number="242" hits="8"/><line number="243" hits="8"/><line number="244" hits="8"/><line number="245" hits="8"/><line number="246" hits="8"/><line number="248" hits="86"/><line number="249" hits="26"/><line number="250" hits="26"/><line number="251" hits="26"/><line number="252" hits="26"/><line number="253" hits="26"/><line number="254" hits="26"/><line number="255" hits="26"/><line number="256" hits="26"/><line number="259" hits="8"/><line number="263" hits="14"/><line number="264" hits="14"/><line number="265" hits="14"/><line number="267" hits="368"/><line number="268" hits="118"/><line number="269" hits="118"/><line number="270" hits="118"/><line number="271" hits="118"/><line number="274" hits="14"/><line number="278" hits="14"/><line number="279" hits="14"/><line number="280" hits="14"/><line number="282" hits="368"/><line number="283" hits="118"/><line number="284" hits="118"/><line number="285" hits="118"/><line number="288" hits="14"/><line number="292" hits="2"/><line number="293" hits="2"/><line number="294" hits="2"/><line number="296" hits="62"/><line number="297" hits="20"/><line number="298" hits="20"/><line number="299" hits="20"/><line number="302" hits="2"/><line number="306" hits="2"/><line number="307" hits="2"/><line number="308" hits="2"/><line number="310" hits="62"/><line number="311" hits="20"/><line number="312" hits="20"/><line number="313" hits="20"/><line number="316" hits="2"/><line number="322" hits="30"/><line number="323" hits="30"/><line number="329" hits="30"/><line number="330" hits="30"/><line number="334" hits="30"/><line number="335" hits="30"/><line number="339" hits="30"/><line number="340" hits="30"/><line number="344" hits="50"/><line number="345" hits="50"/><line number="346" hits="50"/><line number="347" hits="50"/><line number="351" hits="50"/><line number="352" hits="50"/><line number="353" hits="50"/><line number="354" hits="50"/><line number="358" hits="16"/><line number="359" hits="16"/><line number="360" hits="16"/><line number="364" hits="16"/><line number="365" hits="16"/><line number="388" hits="5"/><line number="389" hits="5"/><line number="391" hits="5"/><line number="392" hits="5"/><line number="393" hits="5"/><line number="394" hits="5"/><line number="396" hits="5"/><line number="397" hits="5"/><line number="398" hits="5"/><line number="399" hits="5"/><line number="401" hits="5"/><line number="405" hits="5"/><line number="406" hits="5"/><line number="407" hits="5"/><line number="408" hits="5"/><line number="409" hits="5"/><line number="412" hits="5"/><line number="413" hits="5"/><line number="414" hits="5"/><line number="415" hits="5"/><line number="421" hits="5"/><line number="422" hits="5"/><line number="424" hits="5"/><line number="425" hits="5"/><line number="426" hits="5"/><line number="427" hits="5"/><line number="429" hits="5"/><line number="430" hits="5"/><line number="431" hits="5"/><line number="432" hits="5"/><line number="434" hits="5"/><line number="435" hits="5"/><line number="437" hits="5"/><line number="441" hits="5"/><line number="442" hits="5"/><line number="443" hits="5"/><line number="444" hits="5"/><line number="445" hits="5"/><line number="447" hits="5"/><line number="448" hits="5"/><line number="451" hits="5"/><line number="452" hits="5"/><line number="453" hits="5"/><line number="454" hits="5"/><line number="463" hits="6"/><line number="464" hits="6"/><line number="465" hits="3"/><line number="466" hits="3"/><line number="471" hits="4"/><line number="472" hits="4"/><line number="477" hits="6"/><line number="478" hits="6"/><line number="479" hits="3"/><line number="481" hits="3"/></lines></class><class name="vector_tile" filename="rust/vector_tile.rs" line-rate="0.9850746268656716" branch-rate="0" complexity="0"><methods/><lines><line number="83" hits="8"/><line number="84" hits="8"/><line number="85" hits="2"/><line number="86" hits="6"/><line number="90" hits="8"/><line number="91" hits="8"/><line number="92" hits="2"/><line number="93" hits="6"/><line number="97" hits="8"/><line number="98" hits="8"/><line number="99" hits="2"/><line number="100" hits="6"/><line number="104" hits="15"/><line number="105" hits="15"/><line number="106" hits="3"/><line number="107" hits="12"/><line number="111" hits="9"/><line number="112" hits="9"/><line number="113" hits="3"/><line number="114" hits="6"/><line number="118" hits="2"/><line number="119" hits="2"/><line number="120" hits="1"/><line number="121" hits="1"/><line number="141" hits="6"/><line number="142" hits="6"/><line number="144" hits="6"/><line number="146" hits="6"/><line number="147" hits="6"/><line number="150" hits="6"/><line number="152" hits="9"/><line number="153" hits="3"/><line number="156" hits="6"/><line number="160" hits="3"/><line number="161" hits="3"/><line number="162" hits="3"/><line number="163" hits="6"/><line number="165" hits="24"/><line number="166" hits="7"/><line number="167" hits="7"/><line number="168" hits="7"/><line number="169" hits="7"/><line number="170" hits="7"/><line number="173" hits="3"/><line number="177" hits="9"/><line number="178" hits="9"/><line number="182" hits="13"/><line number="183" hits="13"/><line number="184" hits="3"/><line number="185" hits="3"/><line number="186" hits="3"/><line number="187" hits="3"/><line number="188" hits="3"/><line number="190" hits="7"/><line number="193" hits="7"/><line number="195" hits="3"/><line number="196" hits="3"/><line number="197" hits="3"/><line number="198" hits="3"/><line number="200" hits="0"/><line number="206" hits="3"/><line number="207" hits="3"/><line number="208" hits="3"/><line number="211" hits="17"/><line number="212" hits="7"/><line number="215" hits="3"/><line number="217" hits="3"/></lines></class></classes></package><package name="rust/open" line-rate="0.9306930693069307" branch-rate="0" complexity="0"><classes><class name="column_cache" filename="rust/open/column_cache.rs" line-rate="0.9539473684210527" branch-rate="0" complexity="0"><methods/><lines><line number="57" hits="22"/><line number="58" hits="22"/><line number="59" hits="2"/><line number="60" hits="2"/><line number="61" hits="2"/><line number="62" hits="2"/><line number="63" hits="2"/><line number="64" hits="2"/><line number="65" hits="2"/><line number="66" hits="2"/><line number="67" hits="2"/><line number="68" hits="2"/><line number="69" hits="2"/><line number="74" hits="175"/><line number="75" hits="175"/><line number="121" hits="6"/><line number="128" hits="92"/><line number="129" hits="92"/><line number="133" hits="75"/><line number="134" hits="75"/><line number="138" hits="69"/><line number="139" hits="69"/><line number="143" hits="70"/><line number="144" hits="70"/><line number="148" hits="7"/><line number="149" hits="7"/><line number="153" hits="10"/><line number="154" hits="10"/><line number="158" hits="10"/><line number="159" hits="10"/><line number="163" hits="14"/><line number="164" hits="14"/><line number="168" hits="84"/><line number="169" hits="84"/><line number="173" hits="2"/><line number="174" hits="2"/><line number="178" hits="175"/><line number="179" hits="175"/><line number="180" hits="43"/><line number="181" hits="10"/><line number="182" hits="10"/><line number="183" hits="8"/><line number="184" hits="5"/><line number="185" hits="6"/><line number="186" hits="6"/><line number="187" hits="6"/><line number="188" hits="6"/><line number="189" hits="6"/><line number="190" hits="6"/><line number="191" hits="12"/><line number="192" hits="12"/><line number="193" hits="12"/><line number="194" hits="73"/><line number="195" hits="2"/><line number="196" hits="0"/><line number="223" hits="178"/><line number="224" hits="178"/><line number="228" hits="389"/><line number="229" hits="389"/><line number="266" hits="92"/><line number="267" hits="92"/><line number="271" hits="131"/><line number="272" hits="131"/><line number="276" hits="125"/><line number="277" hits="125"/><line number="281" hits="70"/><line number="282" hits="70"/><line number="286" hits="63"/><line number="287" hits="63"/><line number="291" hits="29"/><line number="292" hits="29"/><line number="296" hits="29"/><line number="297" hits="29"/><line number="301" hits="32"/><line number="302" hits="32"/><line number="306" hits="140"/><line number="307" hits="140"/><line number="311" hits="2"/><line number="312" hits="2"/><line number="316" hits="6"/><line number="318" hits="6"/><line number="319" hits="6"/><line number="320" hits="6"/><line number="321" hits="6"/><line number="322" hits="6"/><line number="323" hits="6"/><line number="324" hits="6"/><line number="325" hits="6"/><line number="326" hits="6"/><line number="327" hits="6"/><line number="328" hits="6"/><line number="329" hits="6"/><line number="330" hits="6"/><line number="331" hits="6"/><line number="332" hits="6"/><line number="333" hits="6"/><line number="341" hits="75"/><line number="342" hits="18"/><line number="343" hits="17"/><line number="344" hits="16"/><line number="345" hits="14"/><line number="346" hits="19"/><line number="347" hits="19"/><line number="348" hits="40"/><line number="349" hits="195"/><line number="350" hits="12"/><line number="354" hits="135"/><line number="355" hits="43"/><line number="358" hits="36"/><line number="359" hits="10"/><line number="362" hits="36"/><line number="363" hits="10"/><line number="366" hits="30"/><line number="367" hits="8"/><line number="370" hits="21"/><line number="371" hits="5"/><line number="374" hits="24"/><line number="375" hits="6"/><line number="376" hits="6"/><line number="377" hits="6"/><line number="381" hits="24"/><line number="382" hits="6"/><line number="383" hits="6"/><line number="384" hits="6"/><line number="388" hits="42"/><line number="389" hits="12"/><line number="392" hits="225"/><line number="393" hits="73"/><line number="394" hits="73"/><line number="395" hits="378"/><line number="396" hits="84"/><line number="397" hits="221"/><line number="400" hits="73"/><line number="403" hits="12"/><line number="404" hits="2"/><line number="410" hits="324"/><line number="414" hits="420"/><line number="415" hits="0"/><line number="416" hits="0"/><line number="417" hits="0"/><line number="419" hits="228"/><line number="420" hits="228"/><line number="421" hits="228"/><line number="426" hits="389"/><line number="430" hits="709"/><line number="432" hits="0"/><line number="433" hits="0"/><line number="435" hits="0"/><line number="437" hits="69"/><line number="438" hits="69"/><line number="439" hits="69"/><line number="440" hits="69"/></lines></class><class name="shape" filename="rust/open/shape.rs" line-rate="0.8433048433048433" branch-rate="0" complexity="0"><methods/><lines><line number="44" hits="69"/><line number="45" hits="69"/><line number="48" hits="2"/><line number="49" hits="2"/><line number="50" hits="2"/><line number="54" hits="183"/><line number="55" hits="17"/><line number="56" hits="183"/><line number="62" hits="22"/><line number="63" hits="24"/><line number="67" hits="88"/><line number="71" hits="170"/><line number="72" hits="7"/><line number="73" hits="134"/><line number="74" hits="29"/><line number="75" hits="83"/><line number="76" hits="25"/><line number="78" hits="27"/><line number="82" hits="93"/><line number="83" hits="255"/><line number="84" hits="81"/><line number="85" hits="93"/><line number="86" hits="0"/><line number="92" hits="69"/><line number="93" hits="69"/><line number="94" hits="6"/><line number="95" hits="14"/><line number="96" hits="16"/><line number="97" hits="16"/><line number="98" hits="6"/><line number="99" hits="6"/><line number="100" hits="5"/><line number="105" hits="188"/><line number="106" hits="188"/><line number="107" hits="17"/><line number="108" hits="54"/><line number="109" hits="42"/><line number="110" hits="51"/><line number="111" hits="8"/><line number="112" hits="8"/><line number="113" hits="8"/><line number="118" hits="69"/><line number="119" hits="69"/><line number="120" hits="6"/><line number="121" hits="14"/><line number="122" hits="16"/><line number="123" hits="16"/><line number="124" hits="6"/><line number="125" hits="6"/><line number="126" hits="5"/><line number="127" hits="0"/><line number="142" hits="2"/><line number="143" hits="2"/><line number="144" hits="1"/><line number="145" hits="1"/><line number="146" hits="1"/><line number="147" hits="7"/><line number="148" hits="2"/><line number="150" hits="1"/><line number="156" hits="4"/><line number="157" hits="4"/><line number="158" hits="3"/><line number="159" hits="1"/><line number="160" hits="1"/><line number="161" hits="7"/><line number="162" hits="2"/><line number="163" hits="2"/><line number="169" hits="4"/><line number="170" hits="4"/><line number="171" hits="4"/><line number="173" hits="3"/><line number="176" hits="1"/><line number="177" hits="3"/><line number="178" hits="2"/><line number="179" hits="2"/><line number="180" hits="2"/><line number="183" hits="1"/><line number="185" hits="0"/><line number="189" hits="2"/><line number="190" hits="2"/><line number="192" hits="2"/><line number="193" hits="2"/><line number="194" hits="2"/><line number="195" hits="2"/><line number="198" hits="0"/><line number="199" hits="0"/><line number="201" hits="0"/><line number="202" hits="0"/><line number="203" hits="0"/><line number="205" hits="0"/><line number="209" hits="0"/><line number="228" hits="181"/><line number="229" hits="181"/><line number="230" hits="173"/><line number="231" hits="4"/><line number="232" hits="4"/><line number="233" hits="52"/><line number="234" hits="16"/><line number="236" hits="4"/><line number="238" hits="4"/><line number="239" hits="4"/><line number="240" hits="4"/><line number="246" hits="72"/><line number="247" hits="72"/><line number="248" hits="64"/><line number="249" hits="4"/><line number="250" hits="4"/><line number="251" hits="4"/><line number="253" hits="4"/><line number="254" hits="4"/><line number="259" hits="72"/><line number="260" hits="72"/><line number="261" hits="72"/><line number="262" hits="72"/><line number="264" hits="64"/><line number="266" hits="4"/><line number="269" hits="4"/><line number="270" hits="4"/><line number="275" hits="95"/><line number="276" hits="95"/><line number="277" hits="91"/><line number="278" hits="2"/><line number="279" hits="2"/><line number="281" hits="2"/><line number="282" hits="0"/><line number="291" hits="90"/><line number="292" hits="90"/><line number="293" hits="585"/><line number="294" hits="165"/><line number="296" hits="90"/><line number="300" hits="22"/><line number="301" hits="22"/><line number="302" hits="220"/><line number="303" hits="66"/><line number="305" hits="22"/><line number="310" hits="19"/><line number="311" hits="19"/><line number="312" hits="235"/><line number="313" hits="72"/><line number="314" hits="72"/><line number="319" hits="19"/><line number="320" hits="19"/><line number="321" hits="19"/><line number="322" hits="19"/><line number="323" hits="0"/><line number="325" hits="91"/><line number="326" hits="72"/><line number="327" hits="72"/><line number="328" hits="72"/><line number="330" hits="19"/><line number="334" hits="103"/><line number="335" hits="739"/><line number="336" hits="212"/><line number="337" hits="212"/><line number="338" hits="519"/><line number="339" hits="541"/><line number="351" hits="14"/><line number="353" hits="14"/><line number="355" hits="14"/><line number="357" hits="14"/><line number="361" hits="14"/><line number="362" hits="14"/><line number="364" hits="14"/><line number="377" hits="90"/><line number="378" hits="90"/><line number="382" hits="99"/><line number="384" hits="99"/><line number="385" hits="99"/><line number="390" hits="1"/><line number="391" hits="1"/><line number="406" hits="102"/><line number="407" hits="102"/><line number="408" hits="5"/><line number="409" hits="27"/><line number="410" hits="70"/><line number="438" hits="406"/><line number="444" hits="406"/><line number="446" hits="11"/><line number="447" hits="11"/><line number="450" hits="125"/><line number="452" hits="22"/><line number="453" hits="22"/><line number="455" hits="103"/><line number="457" hits="0"/><line number="458" hits="0"/><line number="460" hits="0"/><line number="461" hits="0"/><line number="463" hits="70"/><line number="465" hits="0"/><line number="466" hits="0"/><line number="468" hits="0"/><line number="469" hits="0"/><line number="471" hits="22"/><line number="472" hits="22"/><line number="474" hits="41"/><line number="476" hits="6"/><line number="477" hits="18"/><line number="480" hits="6"/><line number="481" hits="0"/><line number="485" hits="238"/><line number="490" hits="238"/><line number="491" hits="238"/><line number="492" hits="11"/><line number="493" hits="69"/><line number="494" hits="69"/><line number="495" hits="70"/><line number="496" hits="7"/><line number="497" hits="6"/><line number="500" hits="6"/><line number="501" hits="6"/><line number="506" hits="417"/><line number="507" hits="417"/><line number="508" hits="2"/><line number="509" hits="129"/><line number="510" hits="125"/><line number="511" hits="74"/><line number="512" hits="67"/><line number="513" hits="10"/><line number="514" hits="10"/><line number="519" hits="18"/><line number="520" hits="18"/><line number="521" hits="0"/><line number="522" hits="9"/><line number="523" hits="3"/><line number="524" hits="6"/><line number="525" hits="0"/><line number="526" hits="0"/><line number="527" hits="0"/><line number="532" hits="21"/><line number="533" hits="21"/><line number="534" hits="0"/><line number="535" hits="11"/><line number="536" hits="3"/><line number="537" hits="7"/><line number="538" hits="0"/><line number="539" hits="0"/><line number="540" hits="0"/><line number="555" hits="9"/><line number="561" hits="9"/><line number="563" hits="9"/><line number="564" hits="9"/><line number="565" hits="9"/><line number="566" hits="9"/><line number="569" hits="0"/><line number="570" hits="0"/><line number="572" hits="0"/><line number="573" hits="0"/><line number="574" hits="0"/><line number="578" hits="0"/><line number="583" hits="9"/><line number="588" hits="9"/><line number="589" hits="9"/><line number="590" hits="9"/><line number="593" hits="0"/><line number="594" hits="0"/><line number="595" hits="0"/><line number="596" hits="0"/><line number="601" hits="0"/><line number="602" hits="0"/><line number="603" hits="0"/><line number="604" hits="0"/><line number="624" hits="407"/><line number="630" hits="407"/><line number="631" hits="397"/><line number="632" hits="397"/><line number="634" hits="4"/><line number="636" hits="4"/><line number="637" hits="31"/><line number="638" hits="9"/><line number="641" hits="6"/><line number="642" hits="6"/><line number="645" hits="0"/><line number="650" hits="239"/><line number="651" hits="239"/><line number="652" hits="229"/><line number="653" hits="229"/><line number="655" hits="4"/><line number="656" hits="4"/><line number="657" hits="4"/><line number="658" hits="13"/><line number="659" hits="9"/><line number="661" hits="4"/><line number="663" hits="6"/><line number="667" hits="429"/><line number="668" hits="429"/><line number="669" hits="417"/><line number="670" hits="417"/><line number="672" hits="4"/><line number="673" hits="8"/><line number="678" hits="18"/><line number="679" hits="18"/><line number="683" hits="21"/><line number="684" hits="21"/><line number="685" hits="21"/><line number="686" hits="0"/><line number="687" hits="0"/><line number="697" hits="131"/><line number="703" hits="1352"/><line number="704" hits="407"/><line number="705" hits="407"/><line number="706" hits="407"/><line number="707" hits="407"/><line number="709" hits="407"/><line number="714" hits="75"/><line number="715" hits="75"/><line number="716" hits="792"/><line number="717" hits="239"/><line number="718" hits="239"/><line number="720" hits="75"/><line number="723" hits="8"/><line number="724" hits="8"/><line number="725" hits="74"/><line number="726" hits="22"/><line number="728" hits="8"/><line number="732" hits="8"/><line number="733" hits="8"/><line number="734" hits="62"/><line number="735" hits="18"/><line number="737" hits="8"/><line number="741" hits="7"/><line number="742" hits="7"/><line number="743" hits="70"/><line number="744" hits="21"/><line number="746" hits="7"/><line number="755" hits="122"/><line number="756" hits="122"/><line number="757" hits="122"/><line number="758" hits="122"/><line number="762" hits="66"/><line number="763" hits="66"/><line number="764" hits="66"/><line number="800" hits="4"/><line number="801" hits="4"/><line number="802" hits="4"/><line number="803" hits="4"/><line number="804" hits="4"/><line number="805" hits="20"/><line number="807" hits="8"/><line number="808" hits="8"/><line number="809" hits="8"/><line number="810" hits="0"/><line number="811" hits="8"/><line number="812" hits="0"/><line number="817" hits="0"/><line number="822" hits="4"/><line number="824" hits="0"/><line number="826" hits="0"/><line number="827" hits="0"/><line number="828" hits="0"/><line number="832" hits="0"/><line number="834" hits="0"/></lines></class><class name="vector_feature" filename="rust/open/vector_feature.rs" line-rate="1" branch-rate="0" complexity="0"><methods/><lines><line number="37" hits="15"/><line number="38" hits="15"/><line number="41" hits="13"/><line number="42" hits="13"/><line number="43" hits="1"/><line number="44" hits="3"/><line number="45" hits="4"/><line number="46" hits="3"/><line number="47" hits="2"/><line number="52" hits="19"/><line number="53" hits="19"/><line number="54" hits="1"/><line number="55" hits="1"/><line number="56" hits="4"/><line number="57" hits="8"/><line number="58" hits="4"/><line number="59" hits="1"/><line number="64" hits="18"/><line number="65" hits="18"/><line number="69" hits="10"/><line number="70" hits="10"/><line number="92" hits="14"/><line number="93" hits="14"/><line number="95" hits="15"/><line number="96" hits="15"/><line number="97" hits="3"/><line number="98" hits="2"/><line number="99" hits="2"/><line number="100" hits="3"/><line number="101" hits="2"/><line number="102" hits="2"/><line number="103" hits="1"/><line number="108" hits="7"/><line number="109" hits="7"/><line number="110" hits="2"/><line number="111" hits="2"/><line number="112" hits="1"/><line number="113" hits="2"/><line number="140" hits="2"/><line number="141" hits="2"/><line number="143" hits="2"/><line number="144" hits="2"/><line number="145" hits="2"/><line number="146" hits="2"/><line number="147" hits="1"/><line number="148" hits="1"/><line number="150" hits="1"/><line number="152" hits="2"/><line number="153" hits="1"/><line number="154" hits="3"/><line number="155" hits="2"/><line number="156" hits="2"/><line number="157" hits="2"/><line number="158" hits="2"/><line number="159" hits="2"/><line number="161" hits="2"/><line number="165" hits="1"/><line number="169" hits="2"/><line number="170" hits="2"/><line number="172" hits="2"/><line number="173" hits="2"/><line number="174" hits="2"/><line number="175" hits="2"/><line number="176" hits="1"/><line number="177" hits="1"/><line number="179" hits="1"/><line number="181" hits="2"/><line number="182" hits="1"/><line number="183" hits="3"/><line number="184" hits="2"/><line number="185" hits="2"/><line number="186" hits="2"/><line number="187" hits="2"/><line number="188" hits="2"/><line number="190" hits="2"/><line number="194" hits="1"/><line number="198" hits="2"/><line number="199" hits="2"/><line number="201" hits="2"/><line number="203" hits="2"/><line number="204" hits="2"/><line number="205" hits="3"/><line number="206" hits="1"/><line number="207" hits="1"/><line number="209" hits="2"/><line number="211" hits="3"/><line number="212" hits="5"/><line number="213" hits="2"/><line number="214" hits="2"/><line number="217" hits="3"/><line number="218" hits="3"/><line number="220" hits="6"/><line number="221" hits="3"/><line number="222" hits="7"/><line number="223" hits="4"/><line number="224" hits="4"/><line number="225" hits="4"/><line number="226" hits="4"/><line number="227" hits="4"/><line number="229" hits="4"/><line number="232" hits="3"/><line number="235" hits="2"/><line number="238" hits="2"/><line number="239" hits="2"/><line number="241" hits="2"/><line number="243" hits="2"/><line number="244" hits="2"/><line number="245" hits="3"/><line number="246" hits="1"/><line number="247" hits="1"/><line number="249" hits="2"/><line number="251" hits="3"/><line number="252" hits="5"/><line number="253" hits="2"/><line number="254" hits="2"/><line number="257" hits="3"/><line number="258" hits="3"/><line number="260" hits="6"/><line number="261" hits="3"/><line number="262" hits="7"/><line number="263" hits="4"/><line number="264" hits="4"/><line number="265" hits="4"/><line number="266" hits="4"/><line number="267" hits="4"/><line number="269" hits="4"/><line number="272" hits="3"/><line number="275" hits="2"/><line number="278" hits="2"/><line number="279" hits="2"/><line number="281" hits="2"/><line number="283" hits="2"/><line number="284" hits="2"/><line number="285" hits="3"/><line number="286" hits="1"/><line number="287" hits="1"/><line number="289" hits="2"/><line number="290" hits="3"/><line number="291" hits="3"/><line number="292" hits="3"/><line number="293" hits="3"/><line number="295" hits="4"/><line number="296" hits="7"/><line number="297" hits="3"/><line number="298" hits="3"/><line number="301" hits="4"/><line number="302" hits="4"/><line number="304" hits="8"/><line number="305" hits="4"/><line number="306" hits="24"/><line number="307" hits="20"/><line number="308" hits="20"/><line number="309" hits="20"/><line number="310" hits="20"/><line number="311" hits="20"/><line number="313" hits="20"/><line number="316" hits="4"/><line number="318" hits="3"/><line number="321" hits="2"/><line number="324" hits="2"/><line number="325" hits="2"/><line number="327" hits="2"/><line number="329" hits="2"/><line number="330" hits="2"/><line number="331" hits="3"/><line number="332" hits="1"/><line number="333" hits="1"/><line number="335" hits="2"/><line number="336" hits="3"/><line number="337" hits="3"/><line number="338" hits="3"/><line number="339" hits="3"/><line number="341" hits="4"/><line number="342" hits="7"/><line number="343" hits="3"/><line number="344" hits="3"/><line number="347" hits="4"/><line number="348" hits="4"/><line number="350" hits="8"/><line number="351" hits="4"/><line number="352" hits="24"/><line number="353" hits="20"/><line number="354" hits="20"/><line number="355" hits="20"/><line number="356" hits="20"/><line number="357" hits="20"/><line number="359" hits="20"/><line number="362" hits="4"/><line number="364" hits="3"/><line number="367" hits="2"/><line number="372" hits="12"/><line number="373" hits="12"/><line number="377" hits="12"/><line number="378" hits="12"/><line number="382" hits="12"/><line number="383" hits="12"/><line number="386" hits="12"/><line number="387" hits="12"/><line number="391" hits="12"/><line number="392" hits="12"/><line number="396" hits="12"/><line number="397" hits="14"/><line number="401" hits="10"/><line number="406" hits="12"/><line number="407" hits="12"/><line number="411" hits="7"/><line number="412" hits="7"/><line number="413" hits="2"/><line number="414" hits="2"/><line number="415" hits="7"/><line number="417" hits="2"/><line number="419" hits="5"/><line number="420" hits="3"/><line number="421" hits="10"/><line number="425" hits="1"/><line number="431" hits="7"/><line number="432" hits="7"/><line number="433" hits="2"/><line number="434" hits="2"/><line number="435" hits="7"/><line number="437" hits="2"/><line number="439" hits="5"/><line number="440" hits="3"/><line number="441" hits="10"/><line number="445" hits="1"/><line number="451" hits="5"/><line number="452" hits="5"/><line number="453" hits="2"/><line number="454" hits="7"/><line number="456" hits="1"/><line number="462" hits="5"/><line number="463" hits="5"/><line number="464" hits="2"/><line number="465" hits="7"/><line number="467" hits="1"/><line number="473" hits="16"/><line number="474" hits="16"/><line number="475" hits="12"/><line number="477" hits="4"/><line number="478" hits="4"/><line number="482" hits="5"/><line number="483" hits="7"/><line number="484" hits="3"/><line number="488" hits="20"/><line number="489" hits="6"/><line number="490" hits="6"/><line number="495" hits="3"/><line number="496" hits="5"/><line number="497" hits="1"/><line number="501" hits="20"/><line number="502" hits="6"/><line number="503" hits="6"/><line number="504" hits="6"/><line number="509" hits="5"/><line number="511" hits="5"/><line number="513" hits="9"/><line number="514" hits="2"/><line number="515" hits="2"/><line number="517" hits="5"/><line number="518" hits="7"/><line number="519" hits="24"/><line number="520" hits="20"/><line number="528" hits="2"/><line number="529" hits="2"/><line number="531" hits="5"/><line number="532" hits="7"/><line number="533" hits="24"/><line number="534" hits="20"/><line number="539" hits="2"/><line number="540" hits="2"/><line number="543" hits="1"/><line number="553" hits="53"/><line number="554" hits="94"/><line number="558" hits="24"/><line number="559" hits="2"/><line number="561" hits="2"/><line number="563" hits="2"/><line number="564" hits="2"/><line number="565" hits="2"/><line number="567" hits="2"/><line number="576" hits="14"/><line number="583" hits="14"/><line number="585" hits="14"/><line number="587" hits="14"/><line number="589" hits="28"/><line number="590" hits="8"/><line number="592" hits="6"/><line number="594" hits="14"/><line number="595" hits="14"/><line number="596" hits="14"/><line number="597" hits="14"/><line number="598" hits="14"/><line number="599" hits="14"/><line number="601" hits="14"/><line number="602" hits="14"/><line number="604" hits="14"/><line number="605" hits="14"/><line number="606" hits="14"/><line number="607" hits="25"/><line number="608" hits="6"/><line number="609" hits="4"/><line number="611" hits="2"/><line number="614" hits="8"/><line number="617" hits="26"/><line number="618" hits="6"/><line number="619" hits="2"/><line number="621" hits="2"/><line number="622" hits="2"/><line number="625" hits="14"/><line number="626" hits="2"/><line number="628" hits="12"/><line number="650" hits="14"/><line number="657" hits="14"/><line number="659" hits="14"/><line number="661" hits="14"/><line number="662" hits="14"/><line number="663" hits="14"/><line number="664" hits="32"/><line number="665" hits="14"/><line number="666" hits="32"/><line number="667" hits="14"/><line number="668" hits="14"/><line number="669" hits="14"/><line number="670" hits="14"/><line number="671" hits="14"/><line number="672" hits="14"/><line number="673" hits="22"/><line number="674" hits="8"/><line number="676" hits="16"/><line number="677" hits="2"/><line number="679" hits="18"/><line number="680" hits="4"/><line number="682" hits="16"/><line number="683" hits="2"/><line number="685" hits="16"/><line number="686" hits="2"/><line number="688" hits="28"/><line number="689" hits="14"/><line number="691" hits="22"/><line number="692" hits="8"/><line number="694" hits="14"/><line number="696" hits="22"/><line number="697" hits="8"/><line number="700" hits="14"/><line number="701" hits="14"/><line number="703" hits="14"/><line number="704" hits="14"/><line number="706" hits="16"/><line number="707" hits="2"/><line number="710" hits="14"/><line number="711" hits="2"/><line number="712" hits="1"/><line number="713" hits="1"/><line number="717" hits="16"/><line number="718" hits="2"/><line number="721" hits="14"/></lines></class><class name="vector_layer" filename="rust/open/vector_layer.rs" line-rate="0.98" branch-rate="0" complexity="0"><methods/><lines><line number="35" hits="7"/><line number="38" hits="7"/><line number="39" hits="7"/><line number="42" hits="7"/><line number="48" hits="6"/><line number="49" hits="6"/><line number="51" hits="6"/><line number="52" hits="6"/><line number="54" hits="6"/><line number="55" hits="6"/><line number="57" hits="6"/><line number="58" hits="6"/><line number="60" hits="1"/><line number="61" hits="1"/><line number="63" hits="12"/><line number="64" hits="12"/><line number="65" hits="12"/><line number="66" hits="36"/><line number="70" hits="49"/><line number="71" hits="49"/><line number="72" hits="7"/><line number="74" hits="7"/><line number="75" hits="7"/><line number="76" hits="7"/><line number="79" hits="7"/><line number="80" hits="14"/><line number="81" hits="14"/><line number="82" hits="14"/><line number="83" hits="14"/><line number="84" hits="14"/><line number="85" hits="14"/><line number="88" hits="7"/><line number="89" hits="7"/><line number="90" hits="7"/><line number="94" hits="7"/><line number="95" hits="7"/><line number="96" hits="7"/><line number="99" hits="0"/><line number="105" hits="7"/><line number="106" hits="7"/><line number="108" hits="7"/><line number="109" hits="7"/><line number="110" hits="7"/><line number="111" hits="7"/><line number="112" hits="14"/><line number="117" hits="28"/><line number="119" hits="49"/><line number="120" hits="14"/><line number="122" hits="14"/><line number="126" hits="7"/></lines></class></classes></package><package name="tests/base_vector_tile" line-rate="0" branch-rate="0" complexity="0"><classes></classes></package><package name="rust/mapbox" line-rate="0.9289473684210526" branch-rate="0" complexity="0"><classes><class name="vector_feature" filename="rust/mapbox/vector_feature.rs" line-rate="0.922077922077922" branch-rate="0" complexity="0"><methods/><lines><line number="46" hits="13"/><line number="57" hits="13"/><line number="75" hits="6"/><line number="76" hits="6"/><line number="80" hits="6"/><line number="81" hits="6"/><line number="85" hits="6"/><line number="86" hits="6"/><line number="90" hits="6"/><line number="91" hits="6"/><line number="95" hits="6"/><line number="96" hits="6"/><line number="100" hits="6"/><line number="101" hits="6"/><line number="105" hits="6"/><line number="106" hits="6"/><line number="110" hits="6"/><line number="111" hits="6"/><line number="112" hits="2"/><line number="113" hits="2"/><line number="114" hits="7"/><line number="116" hits="2"/><line number="118" hits="5"/><line number="119" hits="3"/><line number="120" hits="10"/><line number="124" hits="0"/><line number="129" hits="1"/><line number="130" hits="1"/><line number="134" hits="5"/><line number="135" hits="5"/><line number="136" hits="2"/><line number="137" hits="7"/><line number="139" hits="1"/><line number="145" hits="1"/><line number="146" hits="1"/><line number="150" hits="3"/><line number="152" hits="3"/><line number="154" hits="5"/><line number="157" hits="3"/><line number="158" hits="7"/><line number="159" hits="4"/><line number="160" hits="4"/><line number="161" hits="4"/><line number="162" hits="28"/><line number="167" hits="1"/><line number="179" hits="28"/><line number="180" hits="44"/><line number="184" hits="12"/><line number="185" hits="12"/><line number="187" hits="12"/><line number="188" hits="12"/><line number="189" hits="12"/><line number="190" hits="12"/><line number="191" hits="12"/><line number="193" hits="12"/><line number="194" hits="12"/><line number="195" hits="12"/><line number="197" hits="86"/><line number="198" hits="122"/><line number="199" hits="48"/><line number="200" hits="48"/><line number="201" hits="48"/><line number="206" hits="52"/><line number="207" hits="59"/><line number="208" hits="59"/><line number="210" hits="59"/><line number="212" hits="27"/><line number="213" hits="1"/><line number="214" hits="1"/><line number="217" hits="59"/><line number="218" hits="15"/><line number="220" hits="3"/><line number="221" hits="0"/><line number="223" hits="3"/><line number="224" hits="3"/><line number="225" hits="3"/><line number="226" hits="12"/><line number="228" hits="24"/><line number="229" hits="12"/><line number="230" hits="12"/><line number="231" hits="12"/><line number="234" hits="0"/><line number="238" hits="24"/><line number="239" hits="4"/><line number="241" hits="10"/><line number="242" hits="2"/><line number="245" hits="2"/><line number="246" hits="6"/><line number="247" hits="4"/><line number="248" hits="6"/><line number="250" hits="4"/><line number="252" hits="2"/><line number="261" hits="10"/><line number="262" hits="12"/><line number="264" hits="8"/><line number="265" hits="6"/><line number="268" hits="2"/><line number="269" hits="2"/><line number="271" hits="2"/><line number="272" hits="2"/><line number="274" hits="2"/><line number="275" hits="12"/><line number="276" hits="5"/><line number="277" hits="5"/><line number="280" hits="2"/><line number="281" hits="2"/><line number="285" hits="6"/><line number="286" hits="6"/><line number="287" hits="2"/><line number="290" hits="4"/><line number="291" hits="4"/><line number="293" hits="4"/><line number="294" hits="4"/><line number="295" hits="4"/><line number="296" hits="16"/><line number="297" hits="6"/><line number="298" hits="6"/><line number="299" hits="6"/><line number="300" hits="6"/><line number="305" hits="1"/><line number="306" hits="1"/><line number="310" hits="47"/><line number="311" hits="47"/><line number="312" hits="29"/><line number="313" hits="4"/><line number="315" hits="7"/><line number="317" hits="49"/><line number="318" hits="21"/><line number="319" hits="21"/><line number="321" hits="21"/><line number="324" hits="7"/><line number="325" hits="7"/><line number="326" hits="2"/><line number="327" hits="2"/><line number="328" hits="0"/><line number="331" hits="18"/><line number="332" hits="2"/><line number="334" hits="4"/><line number="336" hits="4"/><line number="337" hits="0"/><line number="338" hits="0"/><line number="340" hits="0"/><line number="343" hits="6"/><line number="344" hits="6"/><line number="345" hits="0"/><line number="346" hits="0"/><line number="347" hits="0"/><line number="353" hits="4"/><line number="354" hits="4"/><line number="355" hits="4"/><line number="356" hits="4"/><line number="358" hits="4"/><line number="359" hits="12"/><line number="360" hits="8"/><line number="361" hits="8"/><line number="362" hits="0"/><line number="364" hits="12"/><line number="365" hits="4"/><line number="368" hits="8"/><line number="370" hits="12"/><line number="371" hits="4"/><line number="372" hits="4"/><line number="374" hits="8"/><line number="377" hits="0"/><line number="380" hits="8"/><line number="382" hits="8"/><line number="383" hits="4"/><line number="386" hits="4"/><line number="389" hits="8"/><line number="390" hits="8"/><line number="391" hits="8"/><line number="392" hits="8"/><line number="393" hits="88"/><line number="394" hits="40"/><line number="395" hits="40"/><line number="396" hits="40"/><line number="398" hits="40"/><line number="399" hits="40"/><line number="402" hits="8"/><line number="418" hits="7"/><line number="419" hits="7"/><line number="420" hits="3"/><line number="421" hits="2"/><line number="422" hits="2"/><line number="423" hits="0"/><line number="428" hits="7"/><line number="429" hits="7"/><line number="431" hits="13"/><line number="432" hits="13"/><line number="433" hits="5"/><line number="434" hits="2"/><line number="435" hits="4"/><line number="436" hits="2"/><line number="437" hits="0"/><line number="462" hits="12"/><line number="463" hits="12"/><line number="464" hits="0"/><line number="465" hits="0"/><line number="466" hits="3"/><line number="467" hits="0"/><line number="468" hits="6"/><line number="469" hits="3"/><line number="470" hits="0"/><line number="471" hits="0"/><line number="476" hits="12"/><line number="477" hits="12"/><line number="478" hits="0"/><line number="479" hits="0"/><line number="480" hits="3"/><line number="481" hits="0"/><line number="482" hits="6"/><line number="483" hits="3"/><line number="484" hits="0"/><line number="494" hits="7"/><line number="499" hits="7"/><line number="501" hits="7"/><line number="502" hits="11"/><line number="505" hits="7"/><line number="506" hits="7"/><line number="507" hits="7"/><line number="509" hits="7"/><line number="510" hits="7"/><line number="512" hits="9"/><line number="516" hits="11"/><line number="517" hits="2"/><line number="520" hits="7"/><line number="524" hits="7"/><line number="529" hits="7"/><line number="531" hits="70"/><line number="532" hits="21"/><line number="533" hits="21"/><line number="534" hits="21"/><line number="535" hits="21"/><line number="536" hits="21"/><line number="537" hits="21"/><line number="540" hits="7"/><line number="544" hits="2"/><line number="545" hits="2"/><line number="547" hits="2"/><line number="548" hits="17"/><line number="549" hits="5"/><line number="550" hits="5"/><line number="551" hits="5"/><line number="554" hits="2"/><line number="558" hits="2"/><line number="559" hits="2"/><line number="560" hits="2"/><line number="561" hits="2"/><line number="562" hits="11"/><line number="563" hits="3"/><line number="564" hits="3"/><line number="565" hits="3"/><line number="566" hits="3"/><line number="567" hits="3"/><line number="568" hits="3"/><line number="571" hits="2"/><line number="575" hits="7"/><line number="577" hits="7"/><line number="578" hits="7"/><line number="579" hits="3"/><line number="580" hits="2"/><line number="581" hits="2"/><line number="582" hits="0"/><line number="584" hits="7"/><line number="588" hits="3"/><line number="589" hits="3"/><line number="590" hits="3"/><line number="592" hits="15"/><line number="594" hits="4"/><line number="596" hits="4"/><line number="597" hits="4"/><line number="598" hits="4"/><line number="599" hits="4"/><line number="601" hits="4"/><line number="602" hits="4"/><line number="607" hits="2"/><line number="608" hits="2"/><line number="609" hits="2"/><line number="611" hits="8"/><line number="617" hits="7"/><line number="618" hits="5"/><line number="619" hits="1"/><line number="623" hits="4"/><line number="624" hits="4"/><line number="625" hits="4"/><line number="626" hits="4"/><line number="627" hits="4"/><line number="628" hits="4"/><line number="629" hits="4"/><line number="631" hits="4"/><line number="637" hits="2"/><line number="638" hits="2"/><line number="639" hits="2"/><line number="641" hits="8"/><line number="642" hits="11"/><line number="647" hits="20"/><line number="648" hits="20"/><line number="649" hits="4"/><line number="653" hits="16"/><line number="654" hits="16"/><line number="655" hits="16"/><line number="656" hits="16"/><line number="657" hits="16"/><line number="658" hits="16"/><line number="659" hits="16"/><line number="661" hits="16"/><line number="663" hits="4"/><line number="665" hits="3"/></lines></class><class name="vector_layer" filename="rust/mapbox/vector_layer.rs" line-rate="0.9607843137254902" branch-rate="0" complexity="0"><methods/><lines><line number="40" hits="9"/><line number="43" hits="9"/><line number="46" hits="9"/><line number="47" hits="9"/><line number="48" hits="9"/><line number="49" hits="9"/><line number="50" hits="9"/><line number="55" hits="7"/><line number="56" hits="7"/><line number="59" hits="7"/><line number="60" hits="7"/><line number="63" hits="7"/><line number="64" hits="7"/><line number="68" hits="9"/><line number="69" hits="9"/><line number="73" hits="2"/><line number="74" hits="2"/><line number="77" hits="12"/><line number="79" hits="24"/><line number="98" hits="0"/><line number="103" hits="60"/><line number="104" hits="60"/><line number="105" hits="9"/><line number="106" hits="9"/><line number="107" hits="12"/><line number="108" hits="9"/><line number="109" hits="9"/><line number="111" hits="12"/><line number="112" hits="12"/><line number="113" hits="12"/><line number="114" hits="12"/><line number="116" hits="9"/><line number="117" hits="0"/><line number="123" hits="3"/><line number="124" hits="3"/><line number="125" hits="3"/><line number="126" hits="3"/><line number="128" hits="3"/><line number="129" hits="3"/><line number="130" hits="15"/><line number="131" hits="6"/><line number="133" hits="3"/><line number="134" hits="12"/><line number="136" hits="21"/><line number="137" hits="9"/><line number="139" hits="3"/><line number="140" hits="18"/><line number="141" hits="27"/><line number="142" hits="12"/><line number="144" hits="3"/><line number="146" hits="3"/></lines></class><class name="vector_tile" filename="rust/mapbox/vector_tile.rs" line-rate="0.9523809523809523" branch-rate="0" complexity="0"><methods/><lines><line number="23" hits="4"/><line number="24" hits="4"/><line number="26" hits="4"/><line number="27" hits="4"/><line number="30" hits="4"/><line number="31" hits="4"/><line number="33" hits="4"/><line number="37" hits="6"/><line number="38" hits="6"/><line number="42" hits="6"/><line number="43" hits="6"/><line number="44" hits="6"/><line number="45" hits="6"/><line number="46" hits="6"/><line number="47" hits="6"/><line number="49" hits="0"/><line number="55" hits="1"/><line number="56" hits="1"/><line number="59" hits="7"/><line number="60" hits="3"/><line number="63" hits="1"/></lines></class></classes></package><package name="tests" line-rate="0" branch-rate="0" complexity="0"><classes></classes></package><package name="tests/open_vector_tile" line-rate="0" branch-rate="0" complexity="0"><classes></classes></package></packages></coverage>