<?xml version="1.0"?><coverage lines-covered="875" lines-valid="1977" line-rate="0.4425897824987355" branches-covered="0" branches-valid="0" branch-rate="0" complexity="0" version="1.9" timestamp="1723496092"><sources><source>/Users/craigoconnor/Documents/Projects/OpenS2/open-vector-tile</source></sources><packages><package name="rust" line-rate="0.4425897824987355" branch-rate="0" complexity="0"><classes><class name="geometry" filename="rust/geometry.rs" line-rate="1" branch-rate="0" complexity="0"><methods/><lines><line number="50" hits="4"/><line number="51" hits="4"/><line number="55" hits="12"/><line number="56" hits="12"/><line number="57" hits="2"/><line number="58" hits="2"/><line number="60" hits="4"/><line number="61" hits="4"/><line number="79" hits="72"/><line number="84" hits="12"/><line number="85" hits="12"/><line number="89" hits="4"/><line number="91" hits="4"/><line number="96" hits="57"/><line number="98" hits="57"/><line number="116" hits="68"/><line number="121" hits="12"/><line number="126" hits="12"/><line number="131" hits="4"/><line number="133" hits="4"/><line number="138" hits="57"/><line number="140" hits="57"/><line number="141" hits="57"/><line number="142" hits="57"/><line number="143" hits="57"/><line number="156" hits="2"/><line number="159" hits="2"/><line number="165" hits="20"/><line number="170" hits="32"/><line number="171" hits="32"/><line number="175" hits="50"/><line number="176" hits="184"/><line number="180" hits="30"/><line number="181" hits="30"/><line number="182" hits="14"/><line number="185" hits="16"/><line number="186" hits="16"/><line number="187" hits="64"/><line number="188" hits="16"/><line number="205" hits="18"/><line number="210" hits="32"/><line number="211" hits="32"/><line number="215" hits="50"/><line number="216" hits="184"/><line number="220" hits="30"/><line number="221" hits="30"/><line number="222" hits="14"/><line number="225" hits="16"/><line number="226" hits="16"/><line number="227" hits="64"/><line number="228" hits="16"/></lines></class><class name="util" filename="rust/util.rs" line-rate="0.9590163934426229" branch-rate="0" complexity="0"><methods/><lines><line number="13" hits="0"/><line number="14" hits="0"/><line number="18" hits="0"/><line number="19" hits="0"/><line number="23" hits="2"/><line number="24" hits="4"/><line number="25" hits="0"/><line number="27" hits="2"/><line number="32" hits="56"/><line number="33" hits="112"/><line number="34" hits="0"/><line number="36" hits="56"/><line number="44" hits="58"/><line number="45" hits="58"/><line number="49" hits="0"/><line number="50" hits="0"/><line number="55" hits="0"/><line number="56" hits="0"/><line number="60" hits="58"/><line number="61" hits="58"/><line number="66" hits="4"/><line number="67" hits="4"/><line number="80" hits="4"/><line number="82" hits="4"/><line number="83" hits="4"/><line number="88" hits="80"/><line number="89" hits="80"/><line number="93" hits="70"/><line number="94" hits="70"/><line number="99" hits="18"/><line number="100" hits="18"/><line number="101" hits="18"/><line number="102" hits="18"/><line number="103" hits="882"/><line number="104" hits="288"/><line number="105" hits="288"/><line number="107" hits="288"/><line number="108" hits="288"/><line number="111" hits="18"/><line number="115" hits="16"/><line number="116" hits="16"/><line number="117" hits="16"/><line number="118" hits="16"/><line number="119" hits="528"/><line number="121" hits="14"/><line number="122" hits="14"/><line number="124" hits="14"/><line number="125" hits="14"/><line number="127" hits="256"/><line number="130" hits="16"/><line number="135" hits="22"/><line number="137" hits="22"/><line number="138" hits="22"/><line number="139" hits="22"/><line number="140" hits="22"/><line number="142" hits="726"/><line number="143" hits="14"/><line number="144" hits="14"/><line number="145" hits="352"/><line number="146" hits="14"/><line number="147" hits="14"/><line number="148" hits="352"/><line number="149" hits="12"/><line number="150" hits="12"/><line number="151" hits="352"/><line number="153" hits="352"/><line number="154" hits="352"/><line number="155" hits="352"/><line number="158" hits="22"/><line number="163" hits="20"/><line number="164" hits="20"/><line number="165" hits="20"/><line number="166" hits="20"/><line number="167" hits="20"/><line number="169" hits="660"/><line number="171" hits="14"/><line number="172" hits="14"/><line number="174" hits="14"/><line number="175" hits="14"/><line number="177" hits="12"/><line number="178" hits="12"/><line number="180" hits="320"/><line number="183" hits="20"/><line number="187" hits="2"/><line number="188" hits="2"/><line number="189" hits="2"/><line number="190" hits="2"/><line number="192" hits="18"/><line number="193" hits="8"/><line number="194" hits="8"/><line number="195" hits="8"/><line number="196" hits="8"/><line number="197" hits="8"/><line number="200" hits="2"/><line number="204" hits="2"/><line number="205" hits="2"/><line number="206" hits="2"/><line number="207" hits="2"/><line number="209" hits="26"/><line number="210" hits="8"/><line number="211" hits="8"/><line number="212" hits="8"/><line number="213" hits="8"/><line number="214" hits="8"/><line number="215" hits="8"/><line number="218" hits="2"/><line number="222" hits="2"/><line number="223" hits="2"/><line number="224" hits="2"/><line number="225" hits="2"/><line number="226" hits="2"/><line number="228" hits="18"/><line number="229" hits="8"/><line number="230" hits="8"/><line number="231" hits="8"/><line number="232" hits="8"/><line number="233" hits="8"/><line number="234" hits="8"/><line number="235" hits="8"/><line number="238" hits="2"/><line number="242" hits="2"/><line number="243" hits="2"/><line number="244" hits="2"/><line number="245" hits="2"/><line number="246" hits="2"/><line number="248" hits="26"/><line number="249" hits="8"/><line number="250" hits="8"/><line number="251" hits="8"/><line number="252" hits="8"/><line number="253" hits="8"/><line number="254" hits="8"/><line number="255" hits="8"/><line number="256" hits="8"/><line number="259" hits="2"/><line number="263" hits="2"/><line number="264" hits="2"/><line number="265" hits="2"/><line number="267" hits="62"/><line number="268" hits="20"/><line number="269" hits="20"/><line number="270" hits="20"/><line number="271" hits="20"/><line number="274" hits="2"/><line number="278" hits="2"/><line number="279" hits="2"/><line number="280" hits="2"/><line number="282" hits="62"/><line number="283" hits="20"/><line number="284" hits="20"/><line number="285" hits="20"/><line number="288" hits="2"/><line number="292" hits="2"/><line number="293" hits="2"/><line number="294" hits="2"/><line number="296" hits="62"/><line number="297" hits="20"/><line number="298" hits="20"/><line number="299" hits="20"/><line number="302" hits="2"/><line number="306" hits="2"/><line number="307" hits="2"/><line number="308" hits="2"/><line number="310" hits="62"/><line number="311" hits="20"/><line number="312" hits="20"/><line number="313" hits="20"/><line number="316" hits="2"/><line number="322" hits="26"/><line number="323" hits="26"/><line number="329" hits="26"/><line number="330" hits="26"/><line number="334" hits="26"/><line number="335" hits="26"/><line number="339" hits="26"/><line number="340" hits="26"/><line number="344" hits="42"/><line number="345" hits="42"/><line number="346" hits="42"/><line number="347" hits="42"/><line number="351" hits="42"/><line number="352" hits="42"/><line number="353" hits="42"/><line number="354" hits="42"/><line number="358" hits="14"/><line number="359" hits="14"/><line number="360" hits="14"/><line number="364" hits="14"/><line number="365" hits="14"/><line number="388" hits="4"/><line number="389" hits="4"/><line number="391" hits="4"/><line number="392" hits="4"/><line number="393" hits="4"/><line number="394" hits="4"/><line number="396" hits="4"/><line number="398" hits="4"/><line number="399" hits="4"/><line number="400" hits="4"/><line number="401" hits="4"/><line number="403" hits="4"/><line number="407" hits="4"/><line number="408" hits="4"/><line number="409" hits="4"/><line number="410" hits="4"/><line number="411" hits="4"/><line number="414" hits="4"/><line number="415" hits="4"/><line number="416" hits="4"/><line number="417" hits="4"/><line number="423" hits="4"/><line number="424" hits="4"/><line number="426" hits="4"/><line number="427" hits="4"/><line number="428" hits="4"/><line number="429" hits="4"/><line number="431" hits="4"/><line number="432" hits="4"/><line number="433" hits="4"/><line number="434" hits="4"/><line number="436" hits="4"/><line number="437" hits="4"/><line number="439" hits="4"/><line number="443" hits="4"/><line number="444" hits="4"/><line number="445" hits="4"/><line number="446" hits="4"/><line number="447" hits="4"/><line number="449" hits="4"/><line number="450" hits="4"/><line number="453" hits="4"/><line number="454" hits="4"/><line number="455" hits="4"/><line number="456" hits="4"/><line number="465" hits="4"/><line number="466" hits="4"/><line number="467" hits="2"/><line number="468" hits="2"/><line number="473" hits="4"/><line number="474" hits="4"/><line number="479" hits="4"/><line number="480" hits="4"/><line number="481" hits="2"/><line number="483" hits="2"/></lines></class><class name="vector_tile" filename="rust/vector_tile.rs" line-rate="0" branch-rate="0" complexity="0"><methods/><lines><line number="33" hits="0"/><line number="34" hits="0"/><line number="35" hits="0"/><line number="36" hits="0"/><line number="40" hits="0"/><line number="41" hits="0"/><line number="42" hits="0"/><line number="43" hits="0"/><line number="47" hits="0"/><line number="48" hits="0"/><line number="49" hits="0"/><line number="50" hits="0"/><line number="69" hits="0"/><line number="70" hits="0"/><line number="71" hits="0"/><line number="75" hits="0"/><line number="76" hits="0"/><line number="79" hits="0"/><line number="80" hits="0"/><line number="82" hits="0"/><line number="84" hits="0"/><line number="88" hits="0"/><line number="89" hits="0"/><line number="90" hits="0"/><line number="91" hits="0"/><line number="92" hits="0"/><line number="94" hits="0"/><line number="95" hits="0"/><line number="96" hits="0"/><line number="97" hits="0"/><line number="98" hits="0"/><line number="101" hits="0"/><line number="105" hits="0"/><line number="106" hits="0"/><line number="107" hits="0"/><line number="108" hits="0"/><line number="109" hits="0"/><line number="110" hits="0"/><line number="111" hits="0"/><line number="113" hits="0"/><line number="115" hits="0"/><line number="118" hits="0"/><line number="120" hits="0"/><line number="122" hits="0"/><line number="123" hits="0"/><line number="124" hits="0"/><line number="127" hits="0"/><line number="133" hits="0"/><line number="134" hits="0"/><line number="135" hits="0"/><line number="138" hits="0"/><line number="139" hits="0"/><line number="142" hits="0"/><line number="144" hits="0"/></lines></class></classes></package><package name="rust/mapbox" line-rate="0" branch-rate="0" complexity="0"><classes><class name="vector_feature" filename="rust/mapbox/vector_feature.rs" line-rate="0" branch-rate="0" complexity="0"><methods/><lines><line number="45" hits="0"/><line number="53" hits="0"/><line number="57" hits="0"/><line number="72" hits="0"/><line number="73" hits="0"/><line number="75" hits="0"/><line number="79" hits="0"/><line number="80" hits="0"/><line number="84" hits="0"/><line number="85" hits="0"/><line number="89" hits="0"/><line number="90" hits="0"/><line number="94" hits="0"/><line number="95" hits="0"/><line number="96" hits="0"/><line number="97" hits="0"/><line number="98" hits="0"/><line number="100" hits="0"/><line number="102" hits="0"/><line number="105" hits="0"/><line number="111" hits="0"/><line number="112" hits="0"/><line number="113" hits="0"/><line number="114" hits="0"/><line number="116" hits="0"/><line number="122" hits="0"/><line number="124" hits="0"/><line number="126" hits="0"/><line number="129" hits="0"/><line number="130" hits="0"/><line number="131" hits="0"/><line number="132" hits="0"/><line number="133" hits="0"/><line number="134" hits="0"/><line number="139" hits="0"/><line number="151" hits="0"/><line number="152" hits="0"/><line number="156" hits="0"/><line number="157" hits="0"/><line number="159" hits="0"/><line number="160" hits="0"/><line number="161" hits="0"/><line number="162" hits="0"/><line number="163" hits="0"/><line number="165" hits="0"/><line number="166" hits="0"/><line number="167" hits="0"/><line number="169" hits="0"/><line number="170" hits="0"/><line number="171" hits="0"/><line number="172" hits="0"/><line number="173" hits="0"/><line number="178" hits="0"/><line number="179" hits="0"/><line number="180" hits="0"/><line number="182" hits="0"/><line number="184" hits="0"/><line number="185" hits="0"/><line number="186" hits="0"/><line number="189" hits="0"/><line number="190" hits="0"/><line number="192" hits="0"/><line number="193" hits="0"/><line number="195" hits="0"/><line number="196" hits="0"/><line number="197" hits="0"/><line number="198" hits="0"/><line number="200" hits="0"/><line number="201" hits="0"/><line number="202" hits="0"/><line number="203" hits="0"/><line number="206" hits="0"/><line number="210" hits="0"/><line number="211" hits="0"/><line number="213" hits="0"/><line number="214" hits="0"/><line number="217" hits="0"/><line number="218" hits="0"/><line number="219" hits="0"/><line number="221" hits="0"/><line number="230" hits="0"/><line number="231" hits="0"/><line number="233" hits="0"/><line number="234" hits="0"/><line number="237" hits="0"/><line number="238" hits="0"/><line number="240" hits="0"/><line number="241" hits="0"/><line number="243" hits="0"/><line number="244" hits="0"/><line number="245" hits="0"/><line number="246" hits="0"/><line number="249" hits="0"/><line number="250" hits="0"/><line number="254" hits="0"/><line number="255" hits="0"/><line number="256" hits="0"/><line number="259" hits="0"/><line number="260" hits="0"/><line number="262" hits="0"/><line number="263" hits="0"/><line number="264" hits="0"/><line number="265" hits="0"/><line number="266" hits="0"/><line number="267" hits="0"/><line number="268" hits="0"/><line number="269" hits="0"/><line number="274" hits="0"/><line number="275" hits="0"/><line number="276" hits="0"/><line number="278" hits="0"/><line number="280" hits="0"/><line number="281" hits="0"/><line number="282" hits="0"/><line number="284" hits="0"/><line number="287" hits="0"/><line number="288" hits="0"/><line number="289" hits="0"/><line number="290" hits="0"/><line number="291" hits="0"/><line number="296" hits="0"/><line number="297" hits="0"/><line number="298" hits="0"/><line number="299" hits="0"/><line number="301" hits="0"/><line number="302" hits="0"/><line number="303" hits="0"/><line number="304" hits="0"/><line number="305" hits="0"/><line number="307" hits="0"/><line number="308" hits="0"/><line number="311" hits="0"/><line number="313" hits="0"/><line number="314" hits="0"/><line number="315" hits="0"/><line number="317" hits="0"/><line number="320" hits="0"/><line number="323" hits="0"/><line number="325" hits="0"/><line number="326" hits="0"/><line number="329" hits="0"/><line number="332" hits="0"/><line number="333" hits="0"/><line number="334" hits="0"/><line number="335" hits="0"/><line number="336" hits="0"/><line number="337" hits="0"/><line number="338" hits="0"/><line number="339" hits="0"/><line number="341" hits="0"/><line number="342" hits="0"/><line number="345" hits="0"/><line number="361" hits="0"/><line number="362" hits="0"/><line number="363" hits="0"/><line number="364" hits="0"/><line number="365" hits="0"/><line number="366" hits="0"/><line number="371" hits="0"/><line number="372" hits="0"/><line number="374" hits="0"/><line number="375" hits="0"/><line number="376" hits="0"/><line number="377" hits="0"/><line number="378" hits="0"/><line number="379" hits="0"/><line number="380" hits="0"/><line number="407" hits="0"/><line number="408" hits="0"/><line number="413" hits="0"/><line number="416" hits="0"/><line number="417" hits="0"/><line number="418" hits="0"/><line number="419" hits="0"/><line number="420" hits="0"/><line number="421" hits="0"/><line number="422" hits="0"/><line number="423" hits="0"/><line number="424" hits="0"/><line number="425" hits="0"/><line number="430" hits="0"/><line number="431" hits="0"/><line number="432" hits="0"/><line number="433" hits="0"/><line number="434" hits="0"/><line number="435" hits="0"/><line number="436" hits="0"/><line number="437" hits="0"/><line number="438" hits="0"/><line number="439" hits="0"/><line number="440" hits="0"/><line number="445" hits="0"/><line number="446" hits="0"/><line number="447" hits="0"/><line number="448" hits="0"/><line number="449" hits="0"/><line number="450" hits="0"/><line number="451" hits="0"/><line number="452" hits="0"/><line number="453" hits="0"/><line number="454" hits="0"/><line number="464" hits="0"/><line number="469" hits="0"/><line number="470" hits="0"/><line number="471" hits="0"/><line number="474" hits="0"/><line number="475" hits="0"/><line number="476" hits="0"/><line number="478" hits="0"/><line number="480" hits="0"/><line number="484" hits="0"/><line number="485" hits="0"/><line number="488" hits="0"/><line number="492" hits="0"/><line number="497" hits="0"/><line number="499" hits="0"/><line number="500" hits="0"/><line number="501" hits="0"/><line number="502" hits="0"/><line number="503" hits="0"/><line number="504" hits="0"/><line number="505" hits="0"/><line number="508" hits="0"/><line number="512" hits="0"/><line number="513" hits="0"/><line number="515" hits="0"/><line number="516" hits="0"/><line number="517" hits="0"/><line number="518" hits="0"/><line number="519" hits="0"/><line number="522" hits="0"/><line number="526" hits="0"/><line number="527" hits="0"/><line number="528" hits="0"/><line number="529" hits="0"/><line number="530" hits="0"/><line number="531" hits="0"/><line number="532" hits="0"/><line number="533" hits="0"/><line number="534" hits="0"/><line number="535" hits="0"/><line number="536" hits="0"/><line number="539" hits="0"/><line number="543" hits="0"/><line number="545" hits="0"/><line number="546" hits="0"/><line number="547" hits="0"/><line number="548" hits="0"/><line number="549" hits="0"/><line number="550" hits="0"/><line number="552" hits="0"/><line number="556" hits="0"/><line number="557" hits="0"/><line number="558" hits="0"/><line number="560" hits="0"/><line number="562" hits="0"/><line number="564" hits="0"/><line number="565" hits="0"/><line number="566" hits="0"/><line number="567" hits="0"/><line number="569" hits="0"/><line number="570" hits="0"/><line number="575" hits="0"/><line number="576" hits="0"/><line number="577" hits="0"/><line number="579" hits="0"/><line number="585" hits="0"/><line number="586" hits="0"/><line number="587" hits="0"/><line number="591" hits="0"/><line number="592" hits="0"/><line number="593" hits="0"/><line number="594" hits="0"/><line number="595" hits="0"/><line number="596" hits="0"/><line number="597" hits="0"/><line number="599" hits="0"/><line number="605" hits="0"/><line number="606" hits="0"/><line number="607" hits="0"/><line number="609" hits="0"/><line number="610" hits="0"/><line number="615" hits="0"/><line number="616" hits="0"/><line number="617" hits="0"/><line number="621" hits="0"/><line number="622" hits="0"/><line number="623" hits="0"/><line number="624" hits="0"/><line number="625" hits="0"/><line number="626" hits="0"/><line number="627" hits="0"/><line number="629" hits="0"/><line number="631" hits="0"/><line number="633" hits="0"/></lines></class><class name="vector_layer" filename="rust/mapbox/vector_layer.rs" line-rate="0" branch-rate="0" complexity="0"><methods/><lines><line number="36" hits="0"/><line number="37" hits="0"/><line number="40" hits="0"/><line number="44" hits="0"/><line number="45" hits="0"/><line number="46" hits="0"/><line number="49" hits="0"/><line number="50" hits="0"/><line number="52" hits="0"/><line number="56" hits="0"/><line number="57" hits="0"/><line number="59" hits="0"/><line number="60" hits="0"/><line number="62" hits="0"/><line number="63" hits="0"/><line number="67" hits="0"/><line number="68" hits="0"/><line number="69" hits="0"/><line number="70" hits="0"/><line number="71" hits="0"/><line number="73" hits="0"/><line number="74" hits="0"/><line number="75" hits="0"/><line number="76" hits="0"/><line number="77" hits="0"/><line number="78" hits="0"/><line number="80" hits="0"/><line number="81" hits="0"/><line number="83" hits="0"/><line number="84" hits="0"/><line number="86" hits="0"/><line number="87" hits="0"/><line number="88" hits="0"/><line number="89" hits="0"/><line number="91" hits="0"/><line number="92" hits="0"/><line number="98" hits="0"/><line number="99" hits="0"/><line number="100" hits="0"/><line number="101" hits="0"/><line number="103" hits="0"/><line number="104" hits="0"/><line number="105" hits="0"/><line number="106" hits="0"/><line number="109" hits="0"/><line number="110" hits="0"/><line number="112" hits="0"/><line number="113" hits="0"/><line number="115" hits="0"/><line number="117" hits="0"/></lines></class><class name="vector_tile" filename="rust/mapbox/vector_tile.rs" line-rate="0" branch-rate="0" complexity="0"><methods/><lines><line number="22" hits="0"/><line number="23" hits="0"/><line number="24" hits="0"/><line number="27" hits="0"/><line number="30" hits="0"/><line number="31" hits="0"/><line number="33" hits="0"/><line number="37" hits="0"/><line number="38" hits="0"/><line number="39" hits="0"/><line number="41" hits="0"/><line number="42" hits="0"/><line number="43" hits="0"/><line number="45" hits="0"/><line number="47" hits="0"/><line number="53" hits="0"/><line number="54" hits="0"/><line number="57" hits="0"/><line number="58" hits="0"/><line number="61" hits="0"/></lines></class></classes></package><package name="tests/mapbox" line-rate="0" branch-rate="0" complexity="0"><classes></classes></package><package name="tests/open_vector_tile" line-rate="0" branch-rate="0" complexity="0"><classes></classes></package><package name="tests/base_vector_tile" line-rate="0" branch-rate="0" complexity="0"><classes></classes></package><package name="rust/open" line-rate="0.31921824104234525" branch-rate="0" complexity="0"><classes><class name="column_cache" filename="rust/open/column_cache.rs" line-rate="0.6721311475409836" branch-rate="0" complexity="0"><methods/><lines><line number="59" hits="0"/><line number="60" hits="0"/><line number="61" hits="0"/><line number="62" hits="0"/><line number="63" hits="0"/><line number="64" hits="0"/><line number="65" hits="0"/><line number="66" hits="0"/><line number="67" hits="0"/><line number="68" hits="0"/><line number="69" hits="0"/><line number="70" hits="0"/><line number="71" hits="0"/><line number="76" hits="26"/><line number="77" hits="26"/><line number="126" hits="3"/><line number="127" hits="3"/><line number="133" hits="3"/><line number="134" hits="3"/><line number="136" hits="3"/><line number="140" hits="11"/><line number="141" hits="21"/><line number="142" hits="10"/><line number="147" hits="5"/><line number="148" hits="5"/><line number="152" hits="3"/><line number="153" hits="3"/><line number="157" hits="2"/><line number="158" hits="2"/><line number="162" hits="3"/><line number="163" hits="3"/><line number="167" hits="0"/><line number="168" hits="0"/><line number="169" hits="0"/><line number="174" hits="0"/><line number="175" hits="0"/><line number="176" hits="0"/><line number="181" hits="0"/><line number="182" hits="0"/><line number="183" hits="0"/><line number="188" hits="4"/><line number="189" hits="8"/><line number="190" hits="4"/><line number="195" hits="0"/><line number="196" hits="0"/><line number="197" hits="0"/><line number="198" hits="0"/><line number="203" hits="26"/><line number="204" hits="26"/><line number="205" hits="26"/><line number="206" hits="10"/><line number="207" hits="4"/><line number="208" hits="3"/><line number="209" hits="2"/><line number="210" hits="3"/><line number="211" hits="0"/><line number="212" hits="0"/><line number="213" hits="0"/><line number="214" hits="4"/><line number="215" hits="0"/><line number="216" hits="0"/><line number="221" hits="15"/><line number="231" hits="15"/><line number="232" hits="14"/><line number="233" hits="14"/><line number="234" hits="14"/><line number="235" hits="14"/><line number="236" hits="14"/><line number="237" hits="14"/><line number="239" hits="1"/><line number="265" hits="19"/><line number="266" hits="19"/><line number="270" hits="133"/><line number="271" hits="133"/><line number="308" hits="11"/><line number="309" hits="11"/><line number="313" hits="45"/><line number="314" hits="45"/><line number="318" hits="43"/><line number="319" hits="43"/><line number="323" hits="2"/><line number="324" hits="2"/><line number="328" hits="43"/><line number="329" hits="43"/><line number="333" hits="20"/><line number="334" hits="20"/><line number="338" hits="20"/><line number="339" hits="20"/><line number="343" hits="20"/><line number="344" hits="20"/><line number="348" hits="44"/><line number="349" hits="44"/><line number="353" hits="0"/><line number="354" hits="0"/><line number="358" hits="3"/><line number="360" hits="3"/><line number="361" hits="3"/><line number="362" hits="3"/><line number="363" hits="3"/><line number="364" hits="3"/><line number="365" hits="3"/><line number="366" hits="3"/><line number="367" hits="3"/><line number="368" hits="3"/><line number="369" hits="3"/><line number="370" hits="3"/><line number="371" hits="3"/><line number="372" hits="3"/><line number="373" hits="3"/><line number="374" hits="3"/><line number="375" hits="3"/><line number="383" hits="17"/><line number="384" hits="9"/><line number="385" hits="7"/><line number="386" hits="7"/><line number="387" hits="7"/><line number="388" hits="6"/><line number="389" hits="6"/><line number="390" hits="6"/><line number="391" hits="7"/><line number="392" hits="6"/><line number="396" hits="33"/><line number="397" hits="10"/><line number="400" hits="15"/><line number="401" hits="4"/><line number="404" hits="12"/><line number="405" hits="3"/><line number="408" hits="9"/><line number="409" hits="2"/><line number="412" hits="12"/><line number="413" hits="3"/><line number="416" hits="3"/><line number="417" hits="0"/><line number="418" hits="0"/><line number="419" hits="0"/><line number="423" hits="3"/><line number="424" hits="0"/><line number="425" hits="0"/><line number="426" hits="0"/><line number="430" hits="3"/><line number="431" hits="0"/><line number="434" hits="15"/><line number="435" hits="4"/><line number="436" hits="4"/><line number="437" hits="4"/><line number="438" hits="4"/><line number="439" hits="4"/><line number="440" hits="38"/><line number="441" hits="21"/><line number="442" hits="13"/><line number="445" hits="4"/><line number="448" hits="3"/><line number="449" hits="0"/><line number="450" hits="0"/><line number="456" hits="115"/><line number="460" hits="146"/><line number="461" hits="0"/><line number="462" hits="0"/><line number="463" hits="0"/><line number="465" hits="84"/><line number="466" hits="84"/><line number="467" hits="84"/><line number="472" hits="133"/><line number="476" hits="218"/><line number="478" hits="0"/><line number="479" hits="0"/><line number="481" hits="0"/><line number="483" hits="48"/><line number="484" hits="48"/><line number="485" hits="48"/><line number="486" hits="48"/><line number="492" hits="0"/><line number="496" hits="0"/><line number="497" hits="0"/><line number="499" hits="0"/><line number="500" hits="0"/><line number="501" hits="0"/><line number="504" hits="0"/><line number="506" hits="0"/><line number="509" hits="0"/><line number="510" hits="0"/><line number="511" hits="0"/><line number="512" hits="0"/></lines></class><class name="shape" filename="rust/open/shape.rs" line-rate="0.4899713467048711" branch-rate="0" complexity="0"><methods/><lines><line number="43" hits="5"/><line number="44" hits="5"/><line number="48" hits="5"/><line number="49" hits="1"/><line number="50" hits="5"/><line number="56" hits="2"/><line number="57" hits="4"/><line number="61" hits="7"/><line number="65" hits="12"/><line number="66" hits="3"/><line number="67" hits="7"/><line number="68" hits="2"/><line number="69" hits="3"/><line number="70" hits="1"/><line number="72" hits="1"/><line number="76" hits="0"/><line number="77" hits="0"/><line number="78" hits="0"/><line number="79" hits="0"/><line number="80" hits="0"/><line number="86" hits="5"/><line number="87" hits="5"/><line number="88" hits="1"/><line number="89" hits="0"/><line number="90" hits="1"/><line number="91" hits="0"/><line number="92" hits="1"/><line number="93" hits="1"/><line number="94" hits="1"/><line number="99" hits="0"/><line number="100" hits="0"/><line number="101" hits="0"/><line number="102" hits="0"/><line number="103" hits="0"/><line number="104" hits="0"/><line number="105" hits="0"/><line number="106" hits="0"/><line number="107" hits="0"/><line number="112" hits="5"/><line number="113" hits="5"/><line number="114" hits="1"/><line number="115" hits="0"/><line number="116" hits="1"/><line number="117" hits="0"/><line number="118" hits="1"/><line number="119" hits="1"/><line number="120" hits="1"/><line number="121" hits="0"/><line number="136" hits="0"/><line number="137" hits="0"/><line number="138" hits="0"/><line number="139" hits="0"/><line number="140" hits="0"/><line number="141" hits="0"/><line number="142" hits="0"/><line number="144" hits="0"/><line number="150" hits="1"/><line number="151" hits="1"/><line number="152" hits="1"/><line number="153" hits="0"/><line number="154" hits="0"/><line number="155" hits="0"/><line number="156" hits="0"/><line number="157" hits="0"/><line number="163" hits="1"/><line number="164" hits="1"/><line number="165" hits="1"/><line number="167" hits="1"/><line number="170" hits="0"/><line number="171" hits="0"/><line number="172" hits="0"/><line number="173" hits="0"/><line number="174" hits="0"/><line number="177" hits="0"/><line number="179" hits="0"/><line number="183" hits="0"/><line number="184" hits="0"/><line number="186" hits="0"/><line number="187" hits="0"/><line number="188" hits="0"/><line number="189" hits="0"/><line number="192" hits="0"/><line number="193" hits="0"/><line number="195" hits="0"/><line number="196" hits="0"/><line number="197" hits="0"/><line number="199" hits="0"/><line number="203" hits="0"/><line number="222" hits="0"/><line number="223" hits="0"/><line number="224" hits="0"/><line number="225" hits="0"/><line number="226" hits="0"/><line number="227" hits="0"/><line number="228" hits="0"/><line number="230" hits="0"/><line number="232" hits="0"/><line number="233" hits="0"/><line number="234" hits="0"/><line number="240" hits="6"/><line number="241" hits="6"/><line number="242" hits="4"/><line number="243" hits="1"/><line number="244" hits="1"/><line number="245" hits="1"/><line number="247" hits="1"/><line number="248" hits="1"/><line number="253" hits="6"/><line number="254" hits="6"/><line number="255" hits="6"/><line number="256" hits="6"/><line number="258" hits="4"/><line number="260" hits="1"/><line number="263" hits="1"/><line number="264" hits="1"/><line number="269" hits="0"/><line number="270" hits="0"/><line number="271" hits="0"/><line number="272" hits="0"/><line number="273" hits="0"/><line number="275" hits="0"/><line number="276" hits="0"/><line number="285" hits="0"/><line number="286" hits="0"/><line number="287" hits="0"/><line number="288" hits="0"/><line number="290" hits="0"/><line number="294" hits="0"/><line number="295" hits="0"/><line number="296" hits="0"/><line number="297" hits="0"/><line number="299" hits="0"/><line number="304" hits="2"/><line number="305" hits="2"/><line number="306" hits="20"/><line number="307" hits="6"/><line number="308" hits="6"/><line number="313" hits="2"/><line number="314" hits="2"/><line number="315" hits="2"/><line number="316" hits="2"/><line number="317" hits="0"/><line number="319" hits="8"/><line number="320" hits="6"/><line number="321" hits="6"/><line number="322" hits="6"/><line number="324" hits="2"/><line number="328" hits="0"/><line number="329" hits="0"/><line number="330" hits="0"/><line number="331" hits="0"/><line number="332" hits="0"/><line number="333" hits="0"/><line number="345" hits="0"/><line number="347" hits="0"/><line number="349" hits="0"/><line number="351" hits="0"/><line number="355" hits="0"/><line number="356" hits="0"/><line number="358" hits="0"/><line number="371" hits="8"/><line number="372" hits="8"/><line number="376" hits="11"/><line number="378" hits="11"/><line number="379" hits="11"/><line number="384" hits="1"/><line number="385" hits="1"/><line number="400" hits="19"/><line number="401" hits="19"/><line number="402" hits="2"/><line number="403" hits="6"/><line number="404" hits="11"/><line number="432" hits="140"/><line number="438" hits="140"/><line number="440" hits="5"/><line number="441" hits="5"/><line number="444" hits="43"/><line number="446" hits="22"/><line number="447" hits="22"/><line number="449" hits="21"/><line number="451" hits="0"/><line number="452" hits="0"/><line number="454" hits="0"/><line number="455" hits="0"/><line number="457" hits="2"/><line number="459" hits="0"/><line number="460" hits="0"/><line number="462" hits="0"/><line number="463" hits="0"/><line number="465" hits="22"/><line number="466" hits="22"/><line number="468" hits="21"/><line number="470" hits="2"/><line number="471" hits="6"/><line number="474" hits="2"/><line number="475" hits="0"/><line number="479" hits="20"/><line number="484" hits="20"/><line number="485" hits="20"/><line number="486" hits="5"/><line number="487" hits="3"/><line number="488" hits="3"/><line number="489" hits="2"/><line number="490" hits="3"/><line number="491" hits="2"/><line number="494" hits="2"/><line number="495" hits="2"/><line number="500" hits="147"/><line number="501" hits="147"/><line number="502" hits="0"/><line number="503" hits="47"/><line number="504" hits="43"/><line number="505" hits="4"/><line number="506" hits="45"/><line number="507" hits="4"/><line number="508" hits="4"/><line number="513" hits="0"/><line number="514" hits="0"/><line number="515" hits="0"/><line number="516" hits="0"/><line number="517" hits="0"/><line number="518" hits="0"/><line number="519" hits="0"/><line number="520" hits="0"/><line number="521" hits="0"/><line number="522" hits="0"/><line number="527" hits="0"/><line number="528" hits="0"/><line number="529" hits="0"/><line number="530" hits="0"/><line number="531" hits="0"/><line number="532" hits="0"/><line number="533" hits="0"/><line number="534" hits="0"/><line number="535" hits="0"/><line number="550" hits="5"/><line number="556" hits="5"/><line number="558" hits="5"/><line number="559" hits="5"/><line number="560" hits="5"/><line number="561" hits="5"/><line number="564" hits="0"/><line number="565" hits="0"/><line number="567" hits="0"/><line number="568" hits="0"/><line number="569" hits="0"/><line number="573" hits="0"/><line number="578" hits="5"/><line number="583" hits="5"/><line number="584" hits="5"/><line number="585" hits="5"/><line number="588" hits="0"/><line number="589" hits="0"/><line number="590" hits="0"/><line number="591" hits="0"/><line number="596" hits="0"/><line number="597" hits="0"/><line number="598" hits="0"/><line number="599" hits="0"/><line number="619" hits="141"/><line number="625" hits="141"/><line number="626" hits="135"/><line number="627" hits="135"/><line number="629" hits="2"/><line number="631" hits="2"/><line number="632" hits="17"/><line number="633" hits="5"/><line number="636" hits="4"/><line number="637" hits="4"/><line number="640" hits="0"/><line number="645" hits="21"/><line number="646" hits="21"/><line number="647" hits="15"/><line number="648" hits="15"/><line number="650" hits="2"/><line number="651" hits="2"/><line number="652" hits="2"/><line number="653" hits="7"/><line number="654" hits="5"/><line number="656" hits="2"/><line number="658" hits="4"/><line number="662" hits="155"/><line number="663" hits="155"/><line number="664" hits="147"/><line number="665" hits="147"/><line number="667" hits="2"/><line number="668" hits="6"/><line number="673" hits="0"/><line number="674" hits="0"/><line number="678" hits="0"/><line number="679" hits="0"/><line number="680" hits="0"/><line number="681" hits="0"/><line number="682" hits="0"/><line number="692" hits="47"/><line number="698" hits="470"/><line number="699" hits="141"/><line number="700" hits="141"/><line number="701" hits="141"/><line number="702" hits="141"/><line number="704" hits="141"/><line number="709" hits="7"/><line number="710" hits="7"/><line number="711" hits="70"/><line number="712" hits="21"/><line number="713" hits="21"/><line number="715" hits="7"/><line number="718" hits="6"/><line number="719" hits="6"/><line number="720" hits="48"/><line number="721" hits="14"/><line number="723" hits="6"/><line number="727" hits="0"/><line number="728" hits="0"/><line number="729" hits="0"/><line number="730" hits="0"/><line number="732" hits="0"/><line number="736" hits="0"/><line number="737" hits="0"/><line number="738" hits="0"/><line number="739" hits="0"/><line number="741" hits="0"/><line number="750" hits="40"/><line number="751" hits="40"/><line number="752" hits="40"/><line number="753" hits="40"/><line number="757" hits="0"/><line number="758" hits="0"/><line number="759" hits="0"/><line number="795" hits="0"/><line number="796" hits="0"/><line number="797" hits="0"/><line number="798" hits="0"/><line number="799" hits="0"/><line number="800" hits="0"/><line number="802" hits="0"/><line number="803" hits="0"/><line number="804" hits="0"/><line number="805" hits="0"/><line number="806" hits="0"/><line number="807" hits="0"/><line number="812" hits="0"/><line number="817" hits="0"/><line number="819" hits="0"/><line number="821" hits="0"/><line number="822" hits="0"/><line number="823" hits="0"/><line number="827" hits="0"/><line number="829" hits="0"/></lines></class><class name="vector_feature" filename="rust/open/vector_feature.rs" line-rate="0" branch-rate="0" complexity="0"><methods/><lines><line number="36" hits="0"/><line number="37" hits="0"/><line number="40" hits="0"/><line number="41" hits="0"/><line number="42" hits="0"/><line number="43" hits="0"/><line number="44" hits="0"/><line number="45" hits="0"/><line number="46" hits="0"/><line number="51" hits="0"/><line number="52" hits="0"/><line number="53" hits="0"/><line number="54" hits="0"/><line number="55" hits="0"/><line number="56" hits="0"/><line number="57" hits="0"/><line number="58" hits="0"/><line number="63" hits="0"/><line number="64" hits="0"/><line number="68" hits="0"/><line number="69" hits="0"/><line number="91" hits="0"/><line number="92" hits="0"/><line number="94" hits="0"/><line number="95" hits="0"/><line number="96" hits="0"/><line number="97" hits="0"/><line number="98" hits="0"/><line number="99" hits="0"/><line number="100" hits="0"/><line number="101" hits="0"/><line number="102" hits="0"/><line number="107" hits="0"/><line number="108" hits="0"/><line number="109" hits="0"/><line number="110" hits="0"/><line number="111" hits="0"/><line number="112" hits="0"/><line number="139" hits="0"/><line number="140" hits="0"/><line number="144" hits="0"/><line number="145" hits="0"/><line number="149" hits="0"/><line number="154" hits="0"/><line number="155" hits="0"/><line number="159" hits="0"/><line number="160" hits="0"/><line number="161" hits="0"/><line number="162" hits="0"/><line number="163" hits="0"/><line number="165" hits="0"/><line number="167" hits="0"/><line number="170" hits="0"/><line number="176" hits="0"/><line number="177" hits="0"/><line number="178" hits="0"/><line number="179" hits="0"/><line number="180" hits="0"/><line number="182" hits="0"/><line number="184" hits="0"/><line number="187" hits="0"/><line number="193" hits="0"/><line number="194" hits="0"/><line number="195" hits="0"/><line number="196" hits="0"/><line number="198" hits="0"/><line number="204" hits="0"/><line number="205" hits="0"/><line number="206" hits="0"/><line number="207" hits="0"/><line number="209" hits="0"/><line number="215" hits="0"/><line number="217" hits="0"/><line number="219" hits="0"/><line number="220" hits="0"/><line number="221" hits="0"/><line number="223" hits="0"/><line number="224" hits="0"/><line number="225" hits="0"/><line number="226" hits="0"/><line number="234" hits="0"/><line number="235" hits="0"/><line number="237" hits="0"/><line number="238" hits="0"/><line number="239" hits="0"/><line number="240" hits="0"/><line number="245" hits="0"/><line number="246" hits="0"/><line number="249" hits="0"/><line number="259" hits="0"/><line number="260" hits="0"/><line number="264" hits="0"/><line number="265" hits="0"/><line number="267" hits="0"/><line number="269" hits="0"/><line number="270" hits="0"/><line number="271" hits="0"/><line number="273" hits="0"/><line number="278" hits="0"/><line number="279" hits="0"/><line number="281" hits="0"/><line number="282" hits="0"/><line number="283" hits="0"/><line number="284" hits="0"/><line number="285" hits="0"/><line number="286" hits="0"/><line number="288" hits="0"/><line number="290" hits="0"/><line number="291" hits="0"/><line number="292" hits="0"/><line number="293" hits="0"/><line number="294" hits="0"/><line number="295" hits="0"/><line number="296" hits="0"/><line number="297" hits="0"/><line number="299" hits="0"/><line number="303" hits="0"/><line number="307" hits="0"/><line number="308" hits="0"/><line number="310" hits="0"/><line number="311" hits="0"/><line number="312" hits="0"/><line number="313" hits="0"/><line number="314" hits="0"/><line number="315" hits="0"/><line number="317" hits="0"/><line number="319" hits="0"/><line number="320" hits="0"/><line number="321" hits="0"/><line number="322" hits="0"/><line number="323" hits="0"/><line number="324" hits="0"/><line number="325" hits="0"/><line number="326" hits="0"/><line number="328" hits="0"/><line number="332" hits="0"/><line number="336" hits="0"/><line number="337" hits="0"/><line number="339" hits="0"/><line number="341" hits="0"/><line number="342" hits="0"/><line number="343" hits="0"/><line number="344" hits="0"/><line number="345" hits="0"/><line number="347" hits="0"/><line number="349" hits="0"/><line number="350" hits="0"/><line number="351" hits="0"/><line number="352" hits="0"/><line number="355" hits="0"/><line number="356" hits="0"/><line number="358" hits="0"/><line number="359" hits="0"/><line number="360" hits="0"/><line number="361" hits="0"/><line number="362" hits="0"/><line number="363" hits="0"/><line number="364" hits="0"/><line number="365" hits="0"/><line number="367" hits="0"/><line number="370" hits="0"/><line number="373" hits="0"/><line number="376" hits="0"/><line number="377" hits="0"/><line number="379" hits="0"/><line number="381" hits="0"/><line number="382" hits="0"/><line number="383" hits="0"/><line number="384" hits="0"/><line number="385" hits="0"/><line number="387" hits="0"/><line number="389" hits="0"/><line number="390" hits="0"/><line number="391" hits="0"/><line number="392" hits="0"/><line number="395" hits="0"/><line number="396" hits="0"/><line number="398" hits="0"/><line number="399" hits="0"/><line number="400" hits="0"/><line number="401" hits="0"/><line number="402" hits="0"/><line number="403" hits="0"/><line number="404" hits="0"/><line number="405" hits="0"/><line number="407" hits="0"/><line number="410" hits="0"/><line number="413" hits="0"/><line number="416" hits="0"/><line number="417" hits="0"/><line number="419" hits="0"/><line number="421" hits="0"/><line number="422" hits="0"/><line number="423" hits="0"/><line number="424" hits="0"/><line number="425" hits="0"/><line number="427" hits="0"/><line number="428" hits="0"/><line number="429" hits="0"/><line number="430" hits="0"/><line number="431" hits="0"/><line number="433" hits="0"/><line number="434" hits="0"/><line number="435" hits="0"/><line number="436" hits="0"/><line number="439" hits="0"/><line number="440" hits="0"/><line number="442" hits="0"/><line number="443" hits="0"/><line number="444" hits="0"/><line number="445" hits="0"/><line number="446" hits="0"/><line number="447" hits="0"/><line number="448" hits="0"/><line number="449" hits="0"/><line number="451" hits="0"/><line number="454" hits="0"/><line number="456" hits="0"/><line number="459" hits="0"/><line number="462" hits="0"/><line number="463" hits="0"/><line number="465" hits="0"/><line number="467" hits="0"/><line number="468" hits="0"/><line number="469" hits="0"/><line number="470" hits="0"/><line number="471" hits="0"/><line number="473" hits="0"/><line number="474" hits="0"/><line number="475" hits="0"/><line number="476" hits="0"/><line number="477" hits="0"/><line number="479" hits="0"/><line number="480" hits="0"/><line number="481" hits="0"/><line number="482" hits="0"/><line number="485" hits="0"/><line number="486" hits="0"/><line number="488" hits="0"/><line number="489" hits="0"/><line number="490" hits="0"/><line number="491" hits="0"/><line number="492" hits="0"/><line number="493" hits="0"/><line number="494" hits="0"/><line number="495" hits="0"/><line number="497" hits="0"/><line number="500" hits="0"/><line number="502" hits="0"/><line number="505" hits="0"/><line number="509" hits="0"/><line number="510" hits="0"/><line number="511" hits="0"/><line number="513" hits="0"/><line number="514" hits="0"/><line number="518" hits="0"/><line number="519" hits="0"/><line number="520" hits="0"/><line number="524" hits="0"/><line number="525" hits="0"/><line number="526" hits="0"/><line number="531" hits="0"/><line number="532" hits="0"/><line number="533" hits="0"/><line number="537" hits="0"/><line number="538" hits="0"/><line number="539" hits="0"/><line number="540" hits="0"/><line number="546" hits="0"/><line number="553" hits="0"/><line number="555" hits="0"/><line number="557" hits="0"/><line number="559" hits="0"/><line number="560" hits="0"/><line number="562" hits="0"/><line number="564" hits="0"/><line number="565" hits="0"/><line number="566" hits="0"/><line number="567" hits="0"/><line number="568" hits="0"/><line number="569" hits="0"/><line number="571" hits="0"/><line number="572" hits="0"/><line number="574" hits="0"/><line number="575" hits="0"/><line number="576" hits="0"/><line number="577" hits="0"/><line number="578" hits="0"/><line number="579" hits="0"/><line number="581" hits="0"/><line number="584" hits="0"/><line number="587" hits="0"/><line number="588" hits="0"/><line number="589" hits="0"/><line number="591" hits="0"/><line number="592" hits="0"/><line number="595" hits="0"/><line number="596" hits="0"/><line number="598" hits="0"/><line number="620" hits="0"/><line number="627" hits="0"/><line number="629" hits="0"/><line number="631" hits="0"/><line number="632" hits="0"/><line number="633" hits="0"/><line number="634" hits="0"/><line number="635" hits="0"/><line number="636" hits="0"/><line number="637" hits="0"/><line number="638" hits="0"/><line number="639" hits="0"/><line number="640" hits="0"/><line number="641" hits="0"/><line number="642" hits="0"/><line number="643" hits="0"/><line number="644" hits="0"/><line number="646" hits="0"/><line number="647" hits="0"/><line number="649" hits="0"/><line number="650" hits="0"/><line number="652" hits="0"/><line number="653" hits="0"/><line number="655" hits="0"/><line number="656" hits="0"/><line number="658" hits="0"/><line number="659" hits="0"/><line number="661" hits="0"/><line number="662" hits="0"/><line number="664" hits="0"/><line number="666" hits="0"/><line number="667" hits="0"/><line number="670" hits="0"/><line number="671" hits="0"/><line number="673" hits="0"/><line number="674" hits="0"/><line number="676" hits="0"/><line number="677" hits="0"/><line number="680" hits="0"/><line number="681" hits="0"/><line number="682" hits="0"/><line number="683" hits="0"/><line number="687" hits="0"/><line number="688" hits="0"/><line number="691" hits="0"/></lines></class><class name="vector_layer" filename="rust/open/vector_layer.rs" line-rate="0" branch-rate="0" complexity="0"><methods/><lines><line number="34" hits="0"/><line number="40" hits="0"/><line number="41" hits="0"/><line number="44" hits="0"/><line number="48" hits="0"/><line number="49" hits="0"/><line number="51" hits="0"/><line number="55" hits="0"/><line number="56" hits="0"/><line number="58" hits="0"/><line number="59" hits="0"/><line number="61" hits="0"/><line number="62" hits="0"/><line number="66" hits="0"/><line number="67" hits="0"/><line number="68" hits="0"/><line number="70" hits="0"/><line number="71" hits="0"/><line number="72" hits="0"/><line number="75" hits="0"/><line number="76" hits="0"/><line number="78" hits="0"/><line number="79" hits="0"/><line number="80" hits="0"/><line number="81" hits="0"/><line number="82" hits="0"/><line number="86" hits="0"/><line number="87" hits="0"/><line number="88" hits="0"/><line number="92" hits="0"/><line number="93" hits="0"/><line number="94" hits="0"/><line number="97" hits="0"/><line number="103" hits="0"/><line number="104" hits="0"/><line number="106" hits="0"/><line number="107" hits="0"/><line number="108" hits="0"/><line number="109" hits="0"/><line number="110" hits="0"/><line number="115" hits="0"/><line number="117" hits="0"/><line number="118" hits="0"/><line number="120" hits="0"/><line number="124" hits="0"/></lines></class></classes></package><package name="tests" line-rate="0" branch-rate="0" complexity="0"><classes></classes></package><package name="rust/base" line-rate="0.8654970760233918" branch-rate="0" complexity="0"><classes><class name="vector_feature" filename="rust/base/vector_feature.rs" line-rate="0.9579288025889967" branch-rate="0" complexity="0"><methods/><lines><line number="49" hits="1"/><line number="65" hits="4"/><line number="66" hits="4"/><line number="70" hits="4"/><line number="71" hits="4"/><line number="75" hits="2"/><line number="76" hits="2"/><line number="80" hits="2"/><line number="81" hits="2"/><line number="85" hits="10"/><line number="86" hits="30"/><line number="89" hits="2"/><line number="90" hits="2"/><line number="93" hits="6"/><line number="94" hits="6"/><line number="95" hits="2"/><line number="98" hits="4"/><line number="99" hits="4"/><line number="100" hits="12"/><line number="102" hits="8"/><line number="104" hits="4"/><line number="108" hits="4"/><line number="109" hits="4"/><line number="110" hits="4"/><line number="111" hits="2"/><line number="112" hits="2"/><line number="114" hits="2"/><line number="115" hits="2"/><line number="117" hits="2"/><line number="118" hits="14"/><line number="119" hits="4"/><line number="122" hits="2"/><line number="140" hits="1"/><line number="156" hits="4"/><line number="157" hits="4"/><line number="161" hits="4"/><line number="162" hits="4"/><line number="166" hits="2"/><line number="167" hits="2"/><line number="171" hits="2"/><line number="172" hits="2"/><line number="176" hits="10"/><line number="177" hits="30"/><line number="180" hits="2"/><line number="181" hits="2"/><line number="184" hits="6"/><line number="185" hits="6"/><line number="186" hits="2"/><line number="189" hits="4"/><line number="190" hits="4"/><line number="191" hits="16"/><line number="192" hits="4"/><line number="196" hits="4"/><line number="197" hits="4"/><line number="198" hits="4"/><line number="199" hits="2"/><line number="200" hits="2"/><line number="201" hits="2"/><line number="202" hits="2"/><line number="203" hits="2"/><line number="204" hits="2"/><line number="206" hits="2"/><line number="207" hits="2"/><line number="209" hits="2"/><line number="210" hits="14"/><line number="211" hits="4"/><line number="214" hits="2"/><line number="235" hits="1"/><line number="251" hits="4"/><line number="252" hits="4"/><line number="256" hits="4"/><line number="257" hits="4"/><line number="261" hits="2"/><line number="262" hits="2"/><line number="266" hits="4"/><line number="267" hits="14"/><line number="271" hits="8"/><line number="272" hits="24"/><line number="275" hits="2"/><line number="276" hits="2"/><line number="279" hits="4"/><line number="280" hits="4"/><line number="281" hits="2"/><line number="284" hits="2"/><line number="285" hits="2"/><line number="286" hits="8"/><line number="287" hits="2"/><line number="291" hits="4"/><line number="292" hits="4"/><line number="293" hits="4"/><line number="294" hits="4"/><line number="295" hits="2"/><line number="297" hits="16"/><line number="298" hits="2"/><line number="299" hits="2"/><line number="303" hits="4"/><line number="304" hits="28"/><line number="305" hits="8"/><line number="309" hits="4"/><line number="327" hits="1"/><line number="343" hits="4"/><line number="344" hits="4"/><line number="348" hits="4"/><line number="349" hits="4"/><line number="353" hits="2"/><line number="354" hits="2"/><line number="358" hits="4"/><line number="359" hits="14"/><line number="363" hits="8"/><line number="364" hits="24"/><line number="367" hits="2"/><line number="368" hits="2"/><line number="371" hits="4"/><line number="372" hits="4"/><line number="373" hits="2"/><line number="376" hits="2"/><line number="377" hits="2"/><line number="378" hits="8"/><line number="379" hits="2"/><line number="383" hits="4"/><line number="384" hits="4"/><line number="385" hits="4"/><line number="386" hits="4"/><line number="387" hits="2"/><line number="389" hits="16"/><line number="390" hits="2"/><line number="391" hits="2"/><line number="395" hits="4"/><line number="396" hits="28"/><line number="397" hits="8"/><line number="401" hits="4"/><line number="425" hits="1"/><line number="445" hits="4"/><line number="446" hits="4"/><line number="450" hits="4"/><line number="451" hits="4"/><line number="455" hits="2"/><line number="456" hits="2"/><line number="460" hits="4"/><line number="461" hits="4"/><line number="463" hits="24"/><line number="467" hits="8"/><line number="468" hits="8"/><line number="470" hits="44"/><line number="473" hits="2"/><line number="474" hits="7"/><line number="477" hits="4"/><line number="478" hits="4"/><line number="479" hits="2"/><line number="482" hits="2"/><line number="483" hits="2"/><line number="484" hits="20"/><line number="485" hits="2"/><line number="489" hits="4"/><line number="490" hits="4"/><line number="491" hits="4"/><line number="492" hits="4"/><line number="493" hits="2"/><line number="495" hits="16"/><line number="497" hits="30"/><line number="498" hits="6"/><line number="499" hits="6"/><line number="503" hits="4"/><line number="504" hits="28"/><line number="505" hits="8"/><line number="510" hits="4"/><line number="532" hits="1"/><line number="552" hits="4"/><line number="553" hits="4"/><line number="557" hits="4"/><line number="558" hits="4"/><line number="562" hits="2"/><line number="563" hits="2"/><line number="567" hits="4"/><line number="568" hits="4"/><line number="570" hits="24"/><line number="574" hits="8"/><line number="575" hits="8"/><line number="577" hits="44"/><line number="580" hits="2"/><line number="581" hits="7"/><line number="584" hits="4"/><line number="585" hits="4"/><line number="586" hits="2"/><line number="589" hits="2"/><line number="590" hits="2"/><line number="591" hits="20"/><line number="592" hits="2"/><line number="596" hits="4"/><line number="597" hits="4"/><line number="598" hits="4"/><line number="599" hits="4"/><line number="600" hits="2"/><line number="602" hits="16"/><line number="604" hits="30"/><line number="605" hits="6"/><line number="606" hits="6"/><line number="610" hits="4"/><line number="611" hits="28"/><line number="612" hits="8"/><line number="617" hits="4"/><line number="631" hits="4"/><line number="632" hits="4"/><line number="633" hits="2"/><line number="634" hits="2"/><line number="639" hits="4"/><line number="640" hits="4"/><line number="641" hits="2"/><line number="642" hits="2"/><line number="664" hits="12"/><line number="665" hits="12"/><line number="666" hits="2"/><line number="667" hits="2"/><line number="668" hits="2"/><line number="669" hits="2"/><line number="670" hits="2"/><line number="671" hits="2"/><line number="676" hits="12"/><line number="677" hits="12"/><line number="678" hits="2"/><line number="679" hits="2"/><line number="680" hits="2"/><line number="681" hits="2"/><line number="682" hits="2"/><line number="683" hits="2"/><line number="688" hits="12"/><line number="689" hits="12"/><line number="690" hits="2"/><line number="691" hits="2"/><line number="692" hits="2"/><line number="693" hits="2"/><line number="694" hits="2"/><line number="695" hits="2"/><line number="700" hits="12"/><line number="701" hits="12"/><line number="702" hits="2"/><line number="703" hits="2"/><line number="704" hits="2"/><line number="705" hits="2"/><line number="706" hits="2"/><line number="707" hits="2"/><line number="712" hits="12"/><line number="713" hits="12"/><line number="714" hits="2"/><line number="715" hits="2"/><line number="716" hits="2"/><line number="717" hits="2"/><line number="718" hits="2"/><line number="719" hits="2"/><line number="724" hits="12"/><line number="725" hits="12"/><line number="726" hits="2"/><line number="727" hits="2"/><line number="728" hits="2"/><line number="729" hits="2"/><line number="730" hits="2"/><line number="731" hits="2"/><line number="736" hits="12"/><line number="737" hits="12"/><line number="738" hits="2"/><line number="739" hits="2"/><line number="740" hits="8"/><line number="745" hits="12"/><line number="746" hits="12"/><line number="747" hits="2"/><line number="748" hits="2"/><line number="750" hits="2"/><line number="751" hits="2"/><line number="753" hits="8"/><line number="758" hits="12"/><line number="759" hits="12"/><line number="760" hits="2"/><line number="761" hits="2"/><line number="762" hits="2"/><line number="763" hits="2"/><line number="764" hits="2"/><line number="765" hits="2"/><line number="770" hits="12"/><line number="771" hits="12"/><line number="772" hits="2"/><line number="773" hits="2"/><line number="774" hits="2"/><line number="775" hits="2"/><line number="776" hits="4"/><line number="781" hits="12"/><line number="782" hits="12"/><line number="783" hits="2"/><line number="784" hits="2"/><line number="785" hits="2"/><line number="786" hits="2"/><line number="787" hits="2"/><line number="788" hits="2"/><line number="793" hits="0"/><line number="794" hits="0"/><line number="795" hits="0"/><line number="796" hits="0"/><line number="797" hits="0"/><line number="798" hits="0"/><line number="800" hits="0"/><line number="802" hits="0"/><line number="805" hits="0"/><line number="807" hits="0"/><line number="810" hits="0"/><line number="813" hits="0"/><line number="815" hits="0"/><line number="821" hits="19"/><line number="822" hits="19"/><line number="826" hits="3"/><line number="827" hits="3"/></lines></class><class name="vector_layer" filename="rust/base/vector_layer.rs" line-rate="0" branch-rate="0" complexity="0"><methods/><lines><line number="30" hits="0"/><line number="41" hits="0"/><line number="42" hits="0"/><line number="43" hits="0"/><line number="50" hits="0"/><line number="51" hits="0"/><line number="52" hits="0"/><line number="53" hits="0"/><line number="55" hits="0"/><line number="56" hits="0"/><line number="59" hits="0"/><line number="60" hits="0"/><line number="65" hits="0"/><line number="69" hits="0"/><line number="70" hits="0"/><line number="74" hits="0"/><line number="75" hits="0"/><line number="79" hits="0"/><line number="80" hits="0"/><line number="84" hits="0"/><line number="87" hits="0"/><line number="88" hits="0"/><line number="91" hits="0"/><line number="93" hits="0"/><line number="96" hits="0"/><line number="97" hits="0"/><line number="100" hits="0"/></lines></class><class name="vector_tile" filename="rust/base/vector_tile.rs" line-rate="0" branch-rate="0" complexity="0"><methods/><lines><line number="16" hits="0"/><line number="18" hits="0"/><line number="20" hits="0"/><line number="21" hits="0"/><line number="22" hits="0"/><line number="25" hits="0"/></lines></class></classes></package></packages></coverage>